2021-09-10 10:29:08.565  INFO 10688 --- [restartedMain] m.c.i.e.EvalucionTecnicaApplication      : Starting EvalucionTecnicaApplication using Java 15.0.2 on DESKTOP-LTRPHV3 with PID 10688 (D:\evaluciones\intercam\evalucacion\target\classes started by benito in D:\evaluciones\intercam\evalucacion)
2021-09-10 10:29:08.579  INFO 10688 --- [restartedMain] m.c.i.e.EvalucionTecnicaApplication      : No active profile set, falling back to default profiles: default
2021-09-10 10:29:09.952  INFO 10688 --- [restartedMain] .e.DevToolsPropertyDefaultsPostProcessor : Devtools property defaults active! Set 'spring.devtools.add-properties' to 'false' to disable
2021-09-10 10:29:09.953  INFO 10688 --- [restartedMain] .e.DevToolsPropertyDefaultsPostProcessor : For additional web related logging consider setting the 'logging.level.web' property to 'DEBUG'
2021-09-10 10:29:28.793  INFO 10688 --- [restartedMain] .s.d.r.c.RepositoryConfigurationDelegate : Bootstrapping Spring Data JPA repositories in DEFAULT mode.
2021-09-10 10:29:29.428  INFO 10688 --- [restartedMain] .s.d.r.c.RepositoryConfigurationDelegate : Finished Spring Data repository scanning in 595 ms. Found 1 JPA repository interfaces.
2021-09-10 10:29:38.452  INFO 10688 --- [restartedMain] o.s.b.w.embedded.tomcat.TomcatWebServer  : Tomcat initialized with port(s): 8080 (http)
2021-09-10 10:29:38.620  INFO 10688 --- [restartedMain] o.apache.catalina.core.StandardService   : Starting service [Tomcat]
2021-09-10 10:29:38.620  INFO 10688 --- [restartedMain] org.apache.catalina.core.StandardEngine  : Starting Servlet engine: [Apache Tomcat/9.0.52]
2021-09-10 10:29:39.132  INFO 10688 --- [restartedMain] o.a.c.c.C.[Tomcat].[localhost].[/]       : Initializing Spring embedded WebApplicationContext
2021-09-10 10:29:39.132  INFO 10688 --- [restartedMain] w.s.c.ServletWebServerApplicationContext : Root WebApplicationContext: initialization completed in 29169 ms
2021-09-10 10:29:40.177  INFO 10688 --- [restartedMain] com.zaxxer.hikari.HikariDataSource       : HikariPool-1 - Starting...
2021-09-10 10:29:43.928  INFO 10688 --- [restartedMain] com.zaxxer.hikari.HikariDataSource       : HikariPool-1 - Start completed.
2021-09-10 10:29:44.092  INFO 10688 --- [restartedMain] o.s.b.a.h2.H2ConsoleAutoConfiguration    : H2 console available at '/h2-console'. Database available at 'jdbc:h2:mem:intercamBD:DB_CLOSE_DELAY=-1'
2021-09-10 10:29:45.340  INFO 10688 --- [restartedMain] o.hibernate.jpa.internal.util.LogHelper  : HHH000204: Processing PersistenceUnitInfo [name: default]
2021-09-10 10:29:46.745  INFO 10688 --- [restartedMain] org.hibernate.Version                    : HHH000412: Hibernate ORM core version 5.4.32.Final
2021-09-10 10:29:49.470  INFO 10688 --- [restartedMain] o.hibernate.annotations.common.Version   : HCANN000001: Hibernate Commons Annotations {5.1.2.Final}
2021-09-10 10:29:52.587  INFO 10688 --- [restartedMain] org.hibernate.dialect.Dialect            : HHH000400: Using dialect: org.hibernate.dialect.H2Dialect
2021-09-10 10:29:59.398  INFO 10688 --- [restartedMain] o.h.e.t.j.p.i.JtaPlatformInitiator       : HHH000490: Using JtaPlatform implementation: [org.hibernate.engine.transaction.jta.platform.internal.NoJtaPlatform]
2021-09-10 10:29:59.492  INFO 10688 --- [restartedMain] j.LocalContainerEntityManagerFactoryBean : Initialized JPA EntityManagerFactory for persistence unit 'default'
2021-09-10 10:30:00.620  WARN 10688 --- [restartedMain] JpaBaseConfiguration$JpaWebConfiguration : spring.jpa.open-in-view is enabled by default. Therefore, database queries may be performed during view rendering. Explicitly configure spring.jpa.open-in-view to disable this warning
2021-09-10 10:30:03.086  INFO 10688 --- [restartedMain] o.s.b.d.a.OptionalLiveReloadServer       : LiveReload server is running on port 35729
2021-09-10 10:30:03.304  INFO 10688 --- [restartedMain] o.s.b.w.embedded.tomcat.TomcatWebServer  : Tomcat started on port(s): 8080 (http) with context path ''
2021-09-10 10:30:03.320  INFO 10688 --- [restartedMain] m.c.i.e.EvalucionTecnicaApplication      : Started EvalucionTecnicaApplication in 62.223 seconds (JVM running for 73.965)
2021-09-10 10:41:36.301  INFO 10688 --- [http-nio-8080-exec-1] o.a.c.c.C.[Tomcat].[localhost].[/]       : Initializing Spring DispatcherServlet 'dispatcherServlet'
2021-09-10 10:41:36.302  INFO 10688 --- [http-nio-8080-exec-1] o.s.web.servlet.DispatcherServlet        : Initializing Servlet 'dispatcherServlet'
2021-09-10 10:41:36.305  INFO 10688 --- [http-nio-8080-exec-1] o.s.web.servlet.DispatcherServlet        : Completed initialization in 2 ms
2021-09-10 10:49:29.711  INFO 10688 --- [Thread-5] j.LocalContainerEntityManagerFactoryBean : Closing JPA EntityManagerFactory for persistence unit 'default'
2021-09-10 10:49:29.985  WARN 10688 --- [Thread-5] o.s.b.f.support.DisposableBeanAdapter    : Invocation of destroy method failed on bean with name 'inMemoryDatabaseShutdownExecutor': org.h2.jdbc.JdbcSQLNonTransientConnectionException: La base de datos ya esta cerrada (para des-habilitar el cerrado automatico durante el shutdown de la VM, agregue ";DB_CLOSE_ON_EXIT=FALSE" a la URL de conexión)
Database is already closed (to disable automatic closing at VM shutdown, add ";DB_CLOSE_ON_EXIT=FALSE" to the db URL) [90121-200]
2021-09-10 10:49:29.986  INFO 10688 --- [Thread-5] com.zaxxer.hikari.HikariDataSource       : HikariPool-1 - Shutdown initiated...
2021-09-10 10:49:29.992  INFO 10688 --- [Thread-5] com.zaxxer.hikari.HikariDataSource       : HikariPool-1 - Shutdown completed.
2021-09-10 10:49:30.384  INFO 10688 --- [restartedMain] m.c.i.e.EvalucionTecnicaApplication      : Starting EvalucionTecnicaApplication using Java 15.0.2 on DESKTOP-LTRPHV3 with PID 10688 (D:\evaluciones\intercam\evalucacion\target\classes started by benito in D:\evaluciones\intercam\evalucacion)
2021-09-10 10:49:30.384  INFO 10688 --- [restartedMain] m.c.i.e.EvalucionTecnicaApplication      : No active profile set, falling back to default profiles: default
2021-09-10 10:49:30.590  INFO 10688 --- [restartedMain] .s.d.r.c.RepositoryConfigurationDelegate : Bootstrapping Spring Data JPA repositories in DEFAULT mode.
2021-09-10 10:49:30.599  INFO 10688 --- [restartedMain] .s.d.r.c.RepositoryConfigurationDelegate : Finished Spring Data repository scanning in 8 ms. Found 1 JPA repository interfaces.
2021-09-10 10:49:30.722  INFO 10688 --- [restartedMain] o.s.b.w.embedded.tomcat.TomcatWebServer  : Tomcat initialized with port(s): 8080 (http)
2021-09-10 10:49:30.723  INFO 10688 --- [restartedMain] o.apache.catalina.core.StandardService   : Starting service [Tomcat]
2021-09-10 10:49:30.724  INFO 10688 --- [restartedMain] org.apache.catalina.core.StandardEngine  : Starting Servlet engine: [Apache Tomcat/9.0.52]
2021-09-10 10:49:30.752  INFO 10688 --- [restartedMain] o.a.c.c.C.[Tomcat].[localhost].[/]       : Initializing Spring embedded WebApplicationContext
2021-09-10 10:49:30.753  INFO 10688 --- [restartedMain] w.s.c.ServletWebServerApplicationContext : Root WebApplicationContext: initialization completed in 365 ms
2021-09-10 10:49:30.771  INFO 10688 --- [restartedMain] com.zaxxer.hikari.HikariDataSource       : HikariPool-2 - Starting...
2021-09-10 10:49:30.775  INFO 10688 --- [restartedMain] com.zaxxer.hikari.HikariDataSource       : HikariPool-2 - Start completed.
2021-09-10 10:49:30.775  INFO 10688 --- [restartedMain] o.s.b.a.h2.H2ConsoleAutoConfiguration    : H2 console available at '/h2-console'. Database available at 'jdbc:h2:mem:intercamBD:DB_CLOSE_DELAY=-1'
2021-09-10 10:49:30.808  INFO 10688 --- [restartedMain] o.hibernate.jpa.internal.util.LogHelper  : HHH000204: Processing PersistenceUnitInfo [name: default]
2021-09-10 10:49:30.814  INFO 10688 --- [restartedMain] org.hibernate.dialect.Dialect            : HHH000400: Using dialect: org.hibernate.dialect.H2Dialect
2021-09-10 10:49:30.860  INFO 10688 --- [restartedMain] o.h.e.t.j.p.i.JtaPlatformInitiator       : HHH000490: Using JtaPlatform implementation: [org.hibernate.engine.transaction.jta.platform.internal.NoJtaPlatform]
2021-09-10 10:49:30.861  INFO 10688 --- [restartedMain] j.LocalContainerEntityManagerFactoryBean : Initialized JPA EntityManagerFactory for persistence unit 'default'
2021-09-10 10:49:30.956  WARN 10688 --- [restartedMain] JpaBaseConfiguration$JpaWebConfiguration : spring.jpa.open-in-view is enabled by default. Therefore, database queries may be performed during view rendering. Explicitly configure spring.jpa.open-in-view to disable this warning
2021-09-10 10:49:31.159  INFO 10688 --- [restartedMain] o.s.b.d.a.OptionalLiveReloadServer       : LiveReload server is running on port 35729
2021-09-10 10:49:31.175  INFO 10688 --- [restartedMain] o.s.b.w.embedded.tomcat.TomcatWebServer  : Tomcat started on port(s): 8080 (http) with context path ''
2021-09-10 10:49:31.181  INFO 10688 --- [restartedMain] m.c.i.e.EvalucionTecnicaApplication      : Started EvalucionTecnicaApplication in 0.87 seconds (JVM running for 1241.826)
2021-09-10 10:49:31.183  INFO 10688 --- [restartedMain] .ConditionEvaluationDeltaLoggingListener : Condition evaluation unchanged
2021-09-10 10:49:38.785  INFO 10688 --- [Thread-7] j.LocalContainerEntityManagerFactoryBean : Closing JPA EntityManagerFactory for persistence unit 'default'
2021-09-10 10:49:39.003  WARN 10688 --- [Thread-7] o.s.b.f.support.DisposableBeanAdapter    : Invocation of destroy method failed on bean with name 'inMemoryDatabaseShutdownExecutor': org.h2.jdbc.JdbcSQLNonTransientConnectionException: La base de datos ya esta cerrada (para des-habilitar el cerrado automatico durante el shutdown de la VM, agregue ";DB_CLOSE_ON_EXIT=FALSE" a la URL de conexión)
Database is already closed (to disable automatic closing at VM shutdown, add ";DB_CLOSE_ON_EXIT=FALSE" to the db URL) [90121-200]
2021-09-10 10:49:39.004  INFO 10688 --- [Thread-7] com.zaxxer.hikari.HikariDataSource       : HikariPool-2 - Shutdown initiated...
2021-09-10 10:49:39.005  INFO 10688 --- [Thread-7] com.zaxxer.hikari.HikariDataSource       : HikariPool-2 - Shutdown completed.
2021-09-10 10:49:39.120  INFO 10688 --- [restartedMain] m.c.i.e.EvalucionTecnicaApplication      : Starting EvalucionTecnicaApplication using Java 15.0.2 on DESKTOP-LTRPHV3 with PID 10688 (D:\evaluciones\intercam\evalucacion\target\classes started by benito in D:\evaluciones\intercam\evalucacion)
2021-09-10 10:49:39.121  INFO 10688 --- [restartedMain] m.c.i.e.EvalucionTecnicaApplication      : No active profile set, falling back to default profiles: default
2021-09-10 10:49:39.353  INFO 10688 --- [restartedMain] .s.d.r.c.RepositoryConfigurationDelegate : Bootstrapping Spring Data JPA repositories in DEFAULT mode.
2021-09-10 10:49:39.366  INFO 10688 --- [restartedMain] .s.d.r.c.RepositoryConfigurationDelegate : Finished Spring Data repository scanning in 12 ms. Found 1 JPA repository interfaces.
2021-09-10 10:49:39.489  INFO 10688 --- [restartedMain] o.s.b.w.embedded.tomcat.TomcatWebServer  : Tomcat initialized with port(s): 8080 (http)
2021-09-10 10:49:39.490  INFO 10688 --- [restartedMain] o.apache.catalina.core.StandardService   : Starting service [Tomcat]
2021-09-10 10:49:39.490  INFO 10688 --- [restartedMain] org.apache.catalina.core.StandardEngine  : Starting Servlet engine: [Apache Tomcat/9.0.52]
2021-09-10 10:49:39.513  INFO 10688 --- [restartedMain] o.a.c.c.C.[Tomcat].[localhost].[/]       : Initializing Spring embedded WebApplicationContext
2021-09-10 10:49:39.514  INFO 10688 --- [restartedMain] w.s.c.ServletWebServerApplicationContext : Root WebApplicationContext: initialization completed in 388 ms
2021-09-10 10:49:39.534  INFO 10688 --- [restartedMain] com.zaxxer.hikari.HikariDataSource       : HikariPool-3 - Starting...
2021-09-10 10:49:39.536  INFO 10688 --- [restartedMain] com.zaxxer.hikari.HikariDataSource       : HikariPool-3 - Start completed.
2021-09-10 10:49:39.537  INFO 10688 --- [restartedMain] o.s.b.a.h2.H2ConsoleAutoConfiguration    : H2 console available at '/h2-console'. Database available at 'jdbc:h2:mem:intercamBD:DB_CLOSE_DELAY=-1'
2021-09-10 10:49:39.569  INFO 10688 --- [restartedMain] o.hibernate.jpa.internal.util.LogHelper  : HHH000204: Processing PersistenceUnitInfo [name: default]
2021-09-10 10:49:39.575  INFO 10688 --- [restartedMain] org.hibernate.dialect.Dialect            : HHH000400: Using dialect: org.hibernate.dialect.H2Dialect
2021-09-10 10:49:39.632  INFO 10688 --- [restartedMain] o.h.e.t.j.p.i.JtaPlatformInitiator       : HHH000490: Using JtaPlatform implementation: [org.hibernate.engine.transaction.jta.platform.internal.NoJtaPlatform]
2021-09-10 10:49:39.632  INFO 10688 --- [restartedMain] j.LocalContainerEntityManagerFactoryBean : Initialized JPA EntityManagerFactory for persistence unit 'default'
2021-09-10 10:49:39.725  WARN 10688 --- [restartedMain] JpaBaseConfiguration$JpaWebConfiguration : spring.jpa.open-in-view is enabled by default. Therefore, database queries may be performed during view rendering. Explicitly configure spring.jpa.open-in-view to disable this warning
2021-09-10 10:49:39.832  INFO 10688 --- [restartedMain] o.s.b.d.a.OptionalLiveReloadServer       : LiveReload server is running on port 35729
2021-09-10 10:49:39.843  INFO 10688 --- [restartedMain] o.s.b.w.embedded.tomcat.TomcatWebServer  : Tomcat started on port(s): 8080 (http) with context path ''
2021-09-10 10:49:39.847  INFO 10688 --- [restartedMain] m.c.i.e.EvalucionTecnicaApplication      : Started EvalucionTecnicaApplication in 0.766 seconds (JVM running for 1250.493)
2021-09-10 10:49:39.849  INFO 10688 --- [restartedMain] .ConditionEvaluationDeltaLoggingListener : Condition evaluation unchanged
2021-09-10 10:49:48.222  INFO 10688 --- [http-nio-8080-exec-1] o.a.c.c.C.[Tomcat].[localhost].[/]       : Initializing Spring DispatcherServlet 'dispatcherServlet'
2021-09-10 10:49:48.223  INFO 10688 --- [http-nio-8080-exec-1] o.s.web.servlet.DispatcherServlet        : Initializing Servlet 'dispatcherServlet'
2021-09-10 10:49:48.224  INFO 10688 --- [http-nio-8080-exec-1] o.s.web.servlet.DispatcherServlet        : Completed initialization in 1 ms
2021-09-10 10:50:19.241  INFO 10688 --- [Thread-12] j.LocalContainerEntityManagerFactoryBean : Closing JPA EntityManagerFactory for persistence unit 'default'
2021-09-10 10:50:19.452  WARN 10688 --- [Thread-12] o.s.b.f.support.DisposableBeanAdapter    : Invocation of destroy method failed on bean with name 'inMemoryDatabaseShutdownExecutor': org.h2.jdbc.JdbcSQLNonTransientConnectionException: La base de datos ya esta cerrada (para des-habilitar el cerrado automatico durante el shutdown de la VM, agregue ";DB_CLOSE_ON_EXIT=FALSE" a la URL de conexión)
Database is already closed (to disable automatic closing at VM shutdown, add ";DB_CLOSE_ON_EXIT=FALSE" to the db URL) [90121-200]
2021-09-10 10:50:19.455  INFO 10688 --- [Thread-12] com.zaxxer.hikari.HikariDataSource       : HikariPool-3 - Shutdown initiated...
2021-09-10 10:50:19.457  INFO 10688 --- [Thread-12] com.zaxxer.hikari.HikariDataSource       : HikariPool-3 - Shutdown completed.
2021-09-10 10:50:19.611  INFO 10688 --- [restartedMain] m.c.i.e.EvalucionTecnicaApplication      : Starting EvalucionTecnicaApplication using Java 15.0.2 on DESKTOP-LTRPHV3 with PID 10688 (D:\evaluciones\intercam\evalucacion\target\classes started by benito in D:\evaluciones\intercam\evalucacion)
2021-09-10 10:50:19.611  INFO 10688 --- [restartedMain] m.c.i.e.EvalucionTecnicaApplication      : No active profile set, falling back to default profiles: default
2021-09-10 10:50:19.800  INFO 10688 --- [restartedMain] .s.d.r.c.RepositoryConfigurationDelegate : Bootstrapping Spring Data JPA repositories in DEFAULT mode.
2021-09-10 10:50:19.807  INFO 10688 --- [restartedMain] .s.d.r.c.RepositoryConfigurationDelegate : Finished Spring Data repository scanning in 7 ms. Found 1 JPA repository interfaces.
2021-09-10 10:50:19.910  INFO 10688 --- [restartedMain] o.s.b.w.embedded.tomcat.TomcatWebServer  : Tomcat initialized with port(s): 8080 (http)
2021-09-10 10:50:19.911  INFO 10688 --- [restartedMain] o.apache.catalina.core.StandardService   : Starting service [Tomcat]
2021-09-10 10:50:19.911  INFO 10688 --- [restartedMain] org.apache.catalina.core.StandardEngine  : Starting Servlet engine: [Apache Tomcat/9.0.52]
2021-09-10 10:50:19.945  INFO 10688 --- [restartedMain] o.a.c.c.C.[Tomcat].[localhost].[/]       : Initializing Spring embedded WebApplicationContext
2021-09-10 10:50:19.946  INFO 10688 --- [restartedMain] w.s.c.ServletWebServerApplicationContext : Root WebApplicationContext: initialization completed in 331 ms
2021-09-10 10:50:19.968  INFO 10688 --- [restartedMain] com.zaxxer.hikari.HikariDataSource       : HikariPool-4 - Starting...
2021-09-10 10:50:19.971  INFO 10688 --- [restartedMain] com.zaxxer.hikari.HikariDataSource       : HikariPool-4 - Start completed.
2021-09-10 10:50:19.971  INFO 10688 --- [restartedMain] o.s.b.a.h2.H2ConsoleAutoConfiguration    : H2 console available at '/h2-console'. Database available at 'jdbc:h2:mem:intercamBD:DB_CLOSE_DELAY=-1'
2021-09-10 10:50:20.002  INFO 10688 --- [restartedMain] o.hibernate.jpa.internal.util.LogHelper  : HHH000204: Processing PersistenceUnitInfo [name: default]
2021-09-10 10:50:20.008  INFO 10688 --- [restartedMain] org.hibernate.dialect.Dialect            : HHH000400: Using dialect: org.hibernate.dialect.H2Dialect
2021-09-10 10:50:20.048  INFO 10688 --- [restartedMain] o.h.e.t.j.p.i.JtaPlatformInitiator       : HHH000490: Using JtaPlatform implementation: [org.hibernate.engine.transaction.jta.platform.internal.NoJtaPlatform]
2021-09-10 10:50:20.048  INFO 10688 --- [restartedMain] j.LocalContainerEntityManagerFactoryBean : Initialized JPA EntityManagerFactory for persistence unit 'default'
2021-09-10 10:50:20.142  WARN 10688 --- [restartedMain] JpaBaseConfiguration$JpaWebConfiguration : spring.jpa.open-in-view is enabled by default. Therefore, database queries may be performed during view rendering. Explicitly configure spring.jpa.open-in-view to disable this warning
2021-09-10 10:50:20.233  INFO 10688 --- [restartedMain] o.s.b.d.a.OptionalLiveReloadServer       : LiveReload server is running on port 35729
2021-09-10 10:50:20.244  INFO 10688 --- [restartedMain] o.s.b.w.embedded.tomcat.TomcatWebServer  : Tomcat started on port(s): 8080 (http) with context path ''
2021-09-10 10:50:20.249  INFO 10688 --- [restartedMain] m.c.i.e.EvalucionTecnicaApplication      : Started EvalucionTecnicaApplication in 0.675 seconds (JVM running for 1290.894)
2021-09-10 10:50:20.251  INFO 10688 --- [restartedMain] .ConditionEvaluationDeltaLoggingListener : Condition evaluation unchanged
2021-09-10 10:50:31.040  INFO 10688 --- [http-nio-8080-exec-1] o.a.c.c.C.[Tomcat].[localhost].[/]       : Initializing Spring DispatcherServlet 'dispatcherServlet'
2021-09-10 10:50:31.040  INFO 10688 --- [http-nio-8080-exec-1] o.s.web.servlet.DispatcherServlet        : Initializing Servlet 'dispatcherServlet'
2021-09-10 10:50:31.041  INFO 10688 --- [http-nio-8080-exec-1] o.s.web.servlet.DispatcherServlet        : Completed initialization in 1 ms
2021-09-10 12:03:17.319  INFO 10688 --- [Thread-16] j.LocalContainerEntityManagerFactoryBean : Closing JPA EntityManagerFactory for persistence unit 'default'
2021-09-10 12:03:17.528  WARN 10688 --- [Thread-16] o.s.b.f.support.DisposableBeanAdapter    : Invocation of destroy method failed on bean with name 'inMemoryDatabaseShutdownExecutor': org.h2.jdbc.JdbcSQLNonTransientConnectionException: La base de datos ya esta cerrada (para des-habilitar el cerrado automatico durante el shutdown de la VM, agregue ";DB_CLOSE_ON_EXIT=FALSE" a la URL de conexión)
Database is already closed (to disable automatic closing at VM shutdown, add ";DB_CLOSE_ON_EXIT=FALSE" to the db URL) [90121-200]
2021-09-10 12:03:17.531  INFO 10688 --- [Thread-16] com.zaxxer.hikari.HikariDataSource       : HikariPool-4 - Shutdown initiated...
2021-09-10 12:03:17.535  INFO 10688 --- [Thread-16] com.zaxxer.hikari.HikariDataSource       : HikariPool-4 - Shutdown completed.
2021-09-10 12:03:17.822  INFO 10688 --- [restartedMain] m.c.i.e.EvalucionTecnicaApplication      : Starting EvalucionTecnicaApplication using Java 15.0.2 on DESKTOP-LTRPHV3 with PID 10688 (D:\evaluciones\intercam\evalucacion\target\classes started by benito in D:\evaluciones\intercam\evalucacion)
2021-09-10 12:03:17.822  INFO 10688 --- [restartedMain] m.c.i.e.EvalucionTecnicaApplication      : No active profile set, falling back to default profiles: default
2021-09-10 12:03:18.022  INFO 10688 --- [restartedMain] .s.d.r.c.RepositoryConfigurationDelegate : Bootstrapping Spring Data JPA repositories in DEFAULT mode.
2021-09-10 12:03:18.032  INFO 10688 --- [restartedMain] .s.d.r.c.RepositoryConfigurationDelegate : Finished Spring Data repository scanning in 9 ms. Found 1 JPA repository interfaces.
2021-09-10 12:03:18.187  INFO 10688 --- [restartedMain] o.s.b.w.embedded.tomcat.TomcatWebServer  : Tomcat initialized with port(s): 8080 (http)
2021-09-10 12:03:18.187  INFO 10688 --- [restartedMain] o.apache.catalina.core.StandardService   : Starting service [Tomcat]
2021-09-10 12:03:18.188  INFO 10688 --- [restartedMain] org.apache.catalina.core.StandardEngine  : Starting Servlet engine: [Apache Tomcat/9.0.52]
2021-09-10 12:03:18.207  INFO 10688 --- [restartedMain] o.a.c.c.C.[Tomcat].[localhost].[/]       : Initializing Spring embedded WebApplicationContext
2021-09-10 12:03:18.207  INFO 10688 --- [restartedMain] w.s.c.ServletWebServerApplicationContext : Root WebApplicationContext: initialization completed in 382 ms
2021-09-10 12:03:18.224  INFO 10688 --- [restartedMain] com.zaxxer.hikari.HikariDataSource       : HikariPool-5 - Starting...
2021-09-10 12:03:18.226  INFO 10688 --- [restartedMain] com.zaxxer.hikari.HikariDataSource       : HikariPool-5 - Start completed.
2021-09-10 12:03:18.226  INFO 10688 --- [restartedMain] o.s.b.a.h2.H2ConsoleAutoConfiguration    : H2 console available at '/h2-console'. Database available at 'jdbc:h2:mem:intercamBD:DB_CLOSE_DELAY=-1'
2021-09-10 12:03:18.248  INFO 10688 --- [restartedMain] o.hibernate.jpa.internal.util.LogHelper  : HHH000204: Processing PersistenceUnitInfo [name: default]
2021-09-10 12:03:18.254  INFO 10688 --- [restartedMain] org.hibernate.dialect.Dialect            : HHH000400: Using dialect: org.hibernate.dialect.H2Dialect
2021-09-10 12:03:18.292  INFO 10688 --- [restartedMain] o.h.e.t.j.p.i.JtaPlatformInitiator       : HHH000490: Using JtaPlatform implementation: [org.hibernate.engine.transaction.jta.platform.internal.NoJtaPlatform]
2021-09-10 12:03:18.293  INFO 10688 --- [restartedMain] j.LocalContainerEntityManagerFactoryBean : Initialized JPA EntityManagerFactory for persistence unit 'default'
2021-09-10 12:03:18.399  WARN 10688 --- [restartedMain] JpaBaseConfiguration$JpaWebConfiguration : spring.jpa.open-in-view is enabled by default. Therefore, database queries may be performed during view rendering. Explicitly configure spring.jpa.open-in-view to disable this warning
2021-09-10 12:03:18.511  INFO 10688 --- [restartedMain] o.s.b.d.a.OptionalLiveReloadServer       : LiveReload server is running on port 35729
2021-09-10 12:03:18.523  INFO 10688 --- [restartedMain] o.s.b.w.embedded.tomcat.TomcatWebServer  : Tomcat started on port(s): 8080 (http) with context path ''
2021-09-10 12:03:18.528  INFO 10688 --- [restartedMain] m.c.i.e.EvalucionTecnicaApplication      : Started EvalucionTecnicaApplication in 0.755 seconds (JVM running for 5669.172)
2021-09-10 12:03:18.529  INFO 10688 --- [restartedMain] .ConditionEvaluationDeltaLoggingListener : Condition evaluation unchanged
2021-09-10 12:03:34.391  INFO 10688 --- [http-nio-8080-exec-1] o.a.c.c.C.[Tomcat].[localhost].[/]       : Initializing Spring DispatcherServlet 'dispatcherServlet'
2021-09-10 12:03:34.391  INFO 10688 --- [http-nio-8080-exec-1] o.s.web.servlet.DispatcherServlet        : Initializing Servlet 'dispatcherServlet'
2021-09-10 12:03:34.392  INFO 10688 --- [http-nio-8080-exec-1] o.s.web.servlet.DispatcherServlet        : Completed initialization in 1 ms
2021-09-10 12:04:34.292  INFO 10688 --- [Thread-20] j.LocalContainerEntityManagerFactoryBean : Closing JPA EntityManagerFactory for persistence unit 'default'
2021-09-10 12:04:34.496  WARN 10688 --- [Thread-20] o.s.b.f.support.DisposableBeanAdapter    : Invocation of destroy method failed on bean with name 'inMemoryDatabaseShutdownExecutor': org.h2.jdbc.JdbcSQLNonTransientConnectionException: La base de datos ya esta cerrada (para des-habilitar el cerrado automatico durante el shutdown de la VM, agregue ";DB_CLOSE_ON_EXIT=FALSE" a la URL de conexión)
Database is already closed (to disable automatic closing at VM shutdown, add ";DB_CLOSE_ON_EXIT=FALSE" to the db URL) [90121-200]
2021-09-10 12:04:34.497  INFO 10688 --- [Thread-20] com.zaxxer.hikari.HikariDataSource       : HikariPool-5 - Shutdown initiated...
2021-09-10 12:04:34.498  INFO 10688 --- [Thread-20] com.zaxxer.hikari.HikariDataSource       : HikariPool-5 - Shutdown completed.
2021-09-10 12:04:34.610  INFO 10688 --- [restartedMain] m.c.i.e.EvalucionTecnicaApplication      : Starting EvalucionTecnicaApplication using Java 15.0.2 on DESKTOP-LTRPHV3 with PID 10688 (D:\evaluciones\intercam\evalucacion\target\classes started by benito in D:\evaluciones\intercam\evalucacion)
2021-09-10 12:04:34.610  INFO 10688 --- [restartedMain] m.c.i.e.EvalucionTecnicaApplication      : No active profile set, falling back to default profiles: default
2021-09-10 12:04:34.798  INFO 10688 --- [restartedMain] .s.d.r.c.RepositoryConfigurationDelegate : Bootstrapping Spring Data JPA repositories in DEFAULT mode.
2021-09-10 12:04:34.808  INFO 10688 --- [restartedMain] .s.d.r.c.RepositoryConfigurationDelegate : Finished Spring Data repository scanning in 9 ms. Found 1 JPA repository interfaces.
2021-09-10 12:04:34.914  INFO 10688 --- [restartedMain] o.s.b.w.embedded.tomcat.TomcatWebServer  : Tomcat initialized with port(s): 8080 (http)
2021-09-10 12:04:34.915  INFO 10688 --- [restartedMain] o.apache.catalina.core.StandardService   : Starting service [Tomcat]
2021-09-10 12:04:34.916  INFO 10688 --- [restartedMain] org.apache.catalina.core.StandardEngine  : Starting Servlet engine: [Apache Tomcat/9.0.52]
2021-09-10 12:04:34.938  INFO 10688 --- [restartedMain] o.a.c.c.C.[Tomcat].[localhost].[/]       : Initializing Spring embedded WebApplicationContext
2021-09-10 12:04:34.938  INFO 10688 --- [restartedMain] w.s.c.ServletWebServerApplicationContext : Root WebApplicationContext: initialization completed in 325 ms
2021-09-10 12:04:34.956  INFO 10688 --- [restartedMain] com.zaxxer.hikari.HikariDataSource       : HikariPool-6 - Starting...
2021-09-10 12:04:34.958  INFO 10688 --- [restartedMain] com.zaxxer.hikari.HikariDataSource       : HikariPool-6 - Start completed.
2021-09-10 12:04:34.958  INFO 10688 --- [restartedMain] o.s.b.a.h2.H2ConsoleAutoConfiguration    : H2 console available at '/h2-console'. Database available at 'jdbc:h2:mem:intercamBD:DB_CLOSE_DELAY=-1'
2021-09-10 12:04:34.984  INFO 10688 --- [restartedMain] o.hibernate.jpa.internal.util.LogHelper  : HHH000204: Processing PersistenceUnitInfo [name: default]
2021-09-10 12:04:34.989  INFO 10688 --- [restartedMain] org.hibernate.dialect.Dialect            : HHH000400: Using dialect: org.hibernate.dialect.H2Dialect
2021-09-10 12:04:35.027  INFO 10688 --- [restartedMain] o.h.e.t.j.p.i.JtaPlatformInitiator       : HHH000490: Using JtaPlatform implementation: [org.hibernate.engine.transaction.jta.platform.internal.NoJtaPlatform]
2021-09-10 12:04:35.027  INFO 10688 --- [restartedMain] j.LocalContainerEntityManagerFactoryBean : Initialized JPA EntityManagerFactory for persistence unit 'default'
2021-09-10 12:04:35.117  WARN 10688 --- [restartedMain] JpaBaseConfiguration$JpaWebConfiguration : spring.jpa.open-in-view is enabled by default. Therefore, database queries may be performed during view rendering. Explicitly configure spring.jpa.open-in-view to disable this warning
2021-09-10 12:04:35.212  INFO 10688 --- [restartedMain] o.s.b.d.a.OptionalLiveReloadServer       : LiveReload server is running on port 35729
2021-09-10 12:04:35.223  INFO 10688 --- [restartedMain] o.s.b.w.embedded.tomcat.TomcatWebServer  : Tomcat started on port(s): 8080 (http) with context path ''
2021-09-10 12:04:35.228  INFO 10688 --- [restartedMain] m.c.i.e.EvalucionTecnicaApplication      : Started EvalucionTecnicaApplication in 0.656 seconds (JVM running for 5745.873)
2021-09-10 12:04:35.229  INFO 10688 --- [restartedMain] .ConditionEvaluationDeltaLoggingListener : Condition evaluation unchanged
2021-09-10 12:04:42.047  INFO 10688 --- [http-nio-8080-exec-1] o.a.c.c.C.[Tomcat].[localhost].[/]       : Initializing Spring DispatcherServlet 'dispatcherServlet'
2021-09-10 12:04:42.047  INFO 10688 --- [http-nio-8080-exec-1] o.s.web.servlet.DispatcherServlet        : Initializing Servlet 'dispatcherServlet'
2021-09-10 12:04:42.048  INFO 10688 --- [http-nio-8080-exec-1] o.s.web.servlet.DispatcherServlet        : Completed initialization in 1 ms
2021-09-10 12:10:05.484  INFO 10688 --- [Thread-24] j.LocalContainerEntityManagerFactoryBean : Closing JPA EntityManagerFactory for persistence unit 'default'
2021-09-10 12:10:05.692  WARN 10688 --- [Thread-24] o.s.b.f.support.DisposableBeanAdapter    : Invocation of destroy method failed on bean with name 'inMemoryDatabaseShutdownExecutor': org.h2.jdbc.JdbcSQLNonTransientConnectionException: La base de datos ya esta cerrada (para des-habilitar el cerrado automatico durante el shutdown de la VM, agregue ";DB_CLOSE_ON_EXIT=FALSE" a la URL de conexión)
Database is already closed (to disable automatic closing at VM shutdown, add ";DB_CLOSE_ON_EXIT=FALSE" to the db URL) [90121-200]
2021-09-10 12:10:05.693  INFO 10688 --- [Thread-24] com.zaxxer.hikari.HikariDataSource       : HikariPool-6 - Shutdown initiated...
2021-09-10 12:10:05.696  INFO 10688 --- [Thread-24] com.zaxxer.hikari.HikariDataSource       : HikariPool-6 - Shutdown completed.
2021-09-10 12:10:05.830  INFO 10688 --- [restartedMain] m.c.i.e.EvalucionTecnicaApplication      : Starting EvalucionTecnicaApplication using Java 15.0.2 on DESKTOP-LTRPHV3 with PID 10688 (D:\evaluciones\intercam\evalucacion\target\classes started by benito in D:\evaluciones\intercam\evalucacion)
2021-09-10 12:10:05.830  INFO 10688 --- [restartedMain] m.c.i.e.EvalucionTecnicaApplication      : No active profile set, falling back to default profiles: default
2021-09-10 12:10:06.011  INFO 10688 --- [restartedMain] .s.d.r.c.RepositoryConfigurationDelegate : Bootstrapping Spring Data JPA repositories in DEFAULT mode.
2021-09-10 12:10:06.019  INFO 10688 --- [restartedMain] .s.d.r.c.RepositoryConfigurationDelegate : Finished Spring Data repository scanning in 8 ms. Found 1 JPA repository interfaces.
2021-09-10 12:10:06.122  INFO 10688 --- [restartedMain] o.s.b.w.embedded.tomcat.TomcatWebServer  : Tomcat initialized with port(s): 8080 (http)
2021-09-10 12:10:06.123  INFO 10688 --- [restartedMain] o.apache.catalina.core.StandardService   : Starting service [Tomcat]
2021-09-10 12:10:06.123  INFO 10688 --- [restartedMain] org.apache.catalina.core.StandardEngine  : Starting Servlet engine: [Apache Tomcat/9.0.52]
2021-09-10 12:10:06.144  INFO 10688 --- [restartedMain] o.a.c.c.C.[Tomcat].[localhost].[/]       : Initializing Spring embedded WebApplicationContext
2021-09-10 12:10:06.144  INFO 10688 --- [restartedMain] w.s.c.ServletWebServerApplicationContext : Root WebApplicationContext: initialization completed in 309 ms
2021-09-10 12:10:06.161  INFO 10688 --- [restartedMain] com.zaxxer.hikari.HikariDataSource       : HikariPool-7 - Starting...
2021-09-10 12:10:06.163  INFO 10688 --- [restartedMain] com.zaxxer.hikari.HikariDataSource       : HikariPool-7 - Start completed.
2021-09-10 12:10:06.163  INFO 10688 --- [restartedMain] o.s.b.a.h2.H2ConsoleAutoConfiguration    : H2 console available at '/h2-console'. Database available at 'jdbc:h2:mem:intercamBD:DB_CLOSE_DELAY=-1'
2021-09-10 12:10:06.185  INFO 10688 --- [restartedMain] o.hibernate.jpa.internal.util.LogHelper  : HHH000204: Processing PersistenceUnitInfo [name: default]
2021-09-10 12:10:06.189  INFO 10688 --- [restartedMain] org.hibernate.dialect.Dialect            : HHH000400: Using dialect: org.hibernate.dialect.H2Dialect
2021-09-10 12:10:06.226  INFO 10688 --- [restartedMain] o.h.e.t.j.p.i.JtaPlatformInitiator       : HHH000490: Using JtaPlatform implementation: [org.hibernate.engine.transaction.jta.platform.internal.NoJtaPlatform]
2021-09-10 12:10:06.227  INFO 10688 --- [restartedMain] j.LocalContainerEntityManagerFactoryBean : Initialized JPA EntityManagerFactory for persistence unit 'default'
2021-09-10 12:10:06.318  WARN 10688 --- [restartedMain] JpaBaseConfiguration$JpaWebConfiguration : spring.jpa.open-in-view is enabled by default. Therefore, database queries may be performed during view rendering. Explicitly configure spring.jpa.open-in-view to disable this warning
2021-09-10 12:10:06.407  INFO 10688 --- [restartedMain] o.s.b.d.a.OptionalLiveReloadServer       : LiveReload server is running on port 35729
2021-09-10 12:10:06.417  INFO 10688 --- [restartedMain] o.s.b.w.embedded.tomcat.TomcatWebServer  : Tomcat started on port(s): 8080 (http) with context path ''
2021-09-10 12:10:06.422  INFO 10688 --- [restartedMain] m.c.i.e.EvalucionTecnicaApplication      : Started EvalucionTecnicaApplication in 0.625 seconds (JVM running for 6077.067)
2021-09-10 12:10:06.424  INFO 10688 --- [restartedMain] .ConditionEvaluationDeltaLoggingListener : Condition evaluation unchanged
2021-09-10 12:10:14.907  INFO 10688 --- [http-nio-8080-exec-1] o.a.c.c.C.[Tomcat].[localhost].[/]       : Initializing Spring DispatcherServlet 'dispatcherServlet'
2021-09-10 12:10:14.907  INFO 10688 --- [http-nio-8080-exec-1] o.s.web.servlet.DispatcherServlet        : Initializing Servlet 'dispatcherServlet'
2021-09-10 12:10:14.909  INFO 10688 --- [http-nio-8080-exec-1] o.s.web.servlet.DispatcherServlet        : Completed initialization in 2 ms
2021-09-10 12:11:05.384  INFO 10688 --- [Thread-28] j.LocalContainerEntityManagerFactoryBean : Closing JPA EntityManagerFactory for persistence unit 'default'
2021-09-10 12:11:05.597  WARN 10688 --- [Thread-28] o.s.b.f.support.DisposableBeanAdapter    : Invocation of destroy method failed on bean with name 'inMemoryDatabaseShutdownExecutor': org.h2.jdbc.JdbcSQLNonTransientConnectionException: La base de datos ya esta cerrada (para des-habilitar el cerrado automatico durante el shutdown de la VM, agregue ";DB_CLOSE_ON_EXIT=FALSE" a la URL de conexión)
Database is already closed (to disable automatic closing at VM shutdown, add ";DB_CLOSE_ON_EXIT=FALSE" to the db URL) [90121-200]
2021-09-10 12:11:05.599  INFO 10688 --- [Thread-28] com.zaxxer.hikari.HikariDataSource       : HikariPool-7 - Shutdown initiated...
2021-09-10 12:11:05.602  INFO 10688 --- [Thread-28] com.zaxxer.hikari.HikariDataSource       : HikariPool-7 - Shutdown completed.
2021-09-10 12:11:05.763  INFO 10688 --- [restartedMain] m.c.i.e.EvalucionTecnicaApplication      : Starting EvalucionTecnicaApplication using Java 15.0.2 on DESKTOP-LTRPHV3 with PID 10688 (D:\evaluciones\intercam\evalucacion\target\classes started by benito in D:\evaluciones\intercam\evalucacion)
2021-09-10 12:11:05.764  INFO 10688 --- [restartedMain] m.c.i.e.EvalucionTecnicaApplication      : No active profile set, falling back to default profiles: default
2021-09-10 12:11:05.942  INFO 10688 --- [restartedMain] .s.d.r.c.RepositoryConfigurationDelegate : Bootstrapping Spring Data JPA repositories in DEFAULT mode.
2021-09-10 12:11:05.950  INFO 10688 --- [restartedMain] .s.d.r.c.RepositoryConfigurationDelegate : Finished Spring Data repository scanning in 7 ms. Found 1 JPA repository interfaces.
2021-09-10 12:11:06.052  INFO 10688 --- [restartedMain] o.s.b.w.embedded.tomcat.TomcatWebServer  : Tomcat initialized with port(s): 8080 (http)
2021-09-10 12:11:06.053  INFO 10688 --- [restartedMain] o.apache.catalina.core.StandardService   : Starting service [Tomcat]
2021-09-10 12:11:06.053  INFO 10688 --- [restartedMain] org.apache.catalina.core.StandardEngine  : Starting Servlet engine: [Apache Tomcat/9.0.52]
2021-09-10 12:11:06.076  INFO 10688 --- [restartedMain] o.a.c.c.C.[Tomcat].[localhost].[/]       : Initializing Spring embedded WebApplicationContext
2021-09-10 12:11:06.076  INFO 10688 --- [restartedMain] w.s.c.ServletWebServerApplicationContext : Root WebApplicationContext: initialization completed in 310 ms
2021-09-10 12:11:06.093  INFO 10688 --- [restartedMain] com.zaxxer.hikari.HikariDataSource       : HikariPool-8 - Starting...
2021-09-10 12:11:06.095  INFO 10688 --- [restartedMain] com.zaxxer.hikari.HikariDataSource       : HikariPool-8 - Start completed.
2021-09-10 12:11:06.095  INFO 10688 --- [restartedMain] o.s.b.a.h2.H2ConsoleAutoConfiguration    : H2 console available at '/h2-console'. Database available at 'jdbc:h2:mem:intercamBD:DB_CLOSE_DELAY=-1'
2021-09-10 12:11:06.116  INFO 10688 --- [restartedMain] o.hibernate.jpa.internal.util.LogHelper  : HHH000204: Processing PersistenceUnitInfo [name: default]
2021-09-10 12:11:06.122  INFO 10688 --- [restartedMain] org.hibernate.dialect.Dialect            : HHH000400: Using dialect: org.hibernate.dialect.H2Dialect
2021-09-10 12:11:06.155  INFO 10688 --- [restartedMain] o.h.e.t.j.p.i.JtaPlatformInitiator       : HHH000490: Using JtaPlatform implementation: [org.hibernate.engine.transaction.jta.platform.internal.NoJtaPlatform]
2021-09-10 12:11:06.155  INFO 10688 --- [restartedMain] j.LocalContainerEntityManagerFactoryBean : Initialized JPA EntityManagerFactory for persistence unit 'default'
2021-09-10 12:11:06.238  WARN 10688 --- [restartedMain] JpaBaseConfiguration$JpaWebConfiguration : spring.jpa.open-in-view is enabled by default. Therefore, database queries may be performed during view rendering. Explicitly configure spring.jpa.open-in-view to disable this warning
2021-09-10 12:11:06.332  INFO 10688 --- [restartedMain] o.s.b.d.a.OptionalLiveReloadServer       : LiveReload server is running on port 35729
2021-09-10 12:11:06.344  INFO 10688 --- [restartedMain] o.s.b.w.embedded.tomcat.TomcatWebServer  : Tomcat started on port(s): 8080 (http) with context path ''
2021-09-10 12:11:06.349  INFO 10688 --- [restartedMain] m.c.i.e.EvalucionTecnicaApplication      : Started EvalucionTecnicaApplication in 0.622 seconds (JVM running for 6136.995)
2021-09-10 12:11:06.351  INFO 10688 --- [restartedMain] .ConditionEvaluationDeltaLoggingListener : Condition evaluation unchanged
2021-09-10 12:11:12.968  INFO 10688 --- [http-nio-8080-exec-1] o.a.c.c.C.[Tomcat].[localhost].[/]       : Initializing Spring DispatcherServlet 'dispatcherServlet'
2021-09-10 12:11:12.969  INFO 10688 --- [http-nio-8080-exec-1] o.s.web.servlet.DispatcherServlet        : Initializing Servlet 'dispatcherServlet'
2021-09-10 12:11:12.970  INFO 10688 --- [http-nio-8080-exec-1] o.s.web.servlet.DispatcherServlet        : Completed initialization in 1 ms
2021-09-10 12:23:21.314  INFO 10688 --- [Thread-32] j.LocalContainerEntityManagerFactoryBean : Closing JPA EntityManagerFactory for persistence unit 'default'
2021-09-10 12:23:21.527  WARN 10688 --- [Thread-32] o.s.b.f.support.DisposableBeanAdapter    : Invocation of destroy method failed on bean with name 'inMemoryDatabaseShutdownExecutor': org.h2.jdbc.JdbcSQLNonTransientConnectionException: La base de datos ya esta cerrada (para des-habilitar el cerrado automatico durante el shutdown de la VM, agregue ";DB_CLOSE_ON_EXIT=FALSE" a la URL de conexión)
Database is already closed (to disable automatic closing at VM shutdown, add ";DB_CLOSE_ON_EXIT=FALSE" to the db URL) [90121-200]
2021-09-10 12:23:21.529  INFO 10688 --- [Thread-32] com.zaxxer.hikari.HikariDataSource       : HikariPool-8 - Shutdown initiated...
2021-09-10 12:23:21.530  INFO 10688 --- [Thread-32] com.zaxxer.hikari.HikariDataSource       : HikariPool-8 - Shutdown completed.
2021-09-10 12:23:21.671  INFO 10688 --- [restartedMain] m.c.i.e.EvalucionTecnicaApplication      : Starting EvalucionTecnicaApplication using Java 15.0.2 on DESKTOP-LTRPHV3 with PID 10688 (D:\evaluciones\intercam\evalucacion\target\classes started by benito in D:\evaluciones\intercam\evalucacion)
2021-09-10 12:23:21.671  INFO 10688 --- [restartedMain] m.c.i.e.EvalucionTecnicaApplication      : No active profile set, falling back to default profiles: default
2021-09-10 12:23:21.859  INFO 10688 --- [restartedMain] .s.d.r.c.RepositoryConfigurationDelegate : Bootstrapping Spring Data JPA repositories in DEFAULT mode.
2021-09-10 12:23:21.870  INFO 10688 --- [restartedMain] .s.d.r.c.RepositoryConfigurationDelegate : Finished Spring Data repository scanning in 11 ms. Found 1 JPA repository interfaces.
2021-09-10 12:23:22.002  INFO 10688 --- [restartedMain] o.s.b.w.embedded.tomcat.TomcatWebServer  : Tomcat initialized with port(s): 8080 (http)
2021-09-10 12:23:22.003  INFO 10688 --- [restartedMain] o.apache.catalina.core.StandardService   : Starting service [Tomcat]
2021-09-10 12:23:22.003  INFO 10688 --- [restartedMain] org.apache.catalina.core.StandardEngine  : Starting Servlet engine: [Apache Tomcat/9.0.52]
2021-09-10 12:23:22.025  INFO 10688 --- [restartedMain] o.a.c.c.C.[Tomcat].[localhost].[/]       : Initializing Spring embedded WebApplicationContext
2021-09-10 12:23:22.025  INFO 10688 --- [restartedMain] w.s.c.ServletWebServerApplicationContext : Root WebApplicationContext: initialization completed in 350 ms
2021-09-10 12:23:22.044  INFO 10688 --- [restartedMain] com.zaxxer.hikari.HikariDataSource       : HikariPool-9 - Starting...
2021-09-10 12:23:22.049  INFO 10688 --- [restartedMain] com.zaxxer.hikari.HikariDataSource       : HikariPool-9 - Start completed.
2021-09-10 12:23:22.049  INFO 10688 --- [restartedMain] o.s.b.a.h2.H2ConsoleAutoConfiguration    : H2 console available at '/h2-console'. Database available at 'jdbc:h2:mem:intercamBD:DB_CLOSE_DELAY=-1'
2021-09-10 12:23:22.085  INFO 10688 --- [restartedMain] o.hibernate.jpa.internal.util.LogHelper  : HHH000204: Processing PersistenceUnitInfo [name: default]
2021-09-10 12:23:22.093  INFO 10688 --- [restartedMain] org.hibernate.dialect.Dialect            : HHH000400: Using dialect: org.hibernate.dialect.H2Dialect
2021-09-10 12:23:22.161  INFO 10688 --- [restartedMain] o.h.e.t.j.p.i.JtaPlatformInitiator       : HHH000490: Using JtaPlatform implementation: [org.hibernate.engine.transaction.jta.platform.internal.NoJtaPlatform]
2021-09-10 12:23:22.161  INFO 10688 --- [restartedMain] j.LocalContainerEntityManagerFactoryBean : Initialized JPA EntityManagerFactory for persistence unit 'default'
2021-09-10 12:23:22.257  WARN 10688 --- [restartedMain] JpaBaseConfiguration$JpaWebConfiguration : spring.jpa.open-in-view is enabled by default. Therefore, database queries may be performed during view rendering. Explicitly configure spring.jpa.open-in-view to disable this warning
2021-09-10 12:23:22.369  INFO 10688 --- [restartedMain] o.s.b.d.a.OptionalLiveReloadServer       : LiveReload server is running on port 35729
2021-09-10 12:23:22.379  INFO 10688 --- [restartedMain] o.s.b.w.embedded.tomcat.TomcatWebServer  : Tomcat started on port(s): 8080 (http) with context path ''
2021-09-10 12:23:22.388  INFO 10688 --- [restartedMain] m.c.i.e.EvalucionTecnicaApplication      : Started EvalucionTecnicaApplication in 0.751 seconds (JVM running for 6873.033)
2021-09-10 12:23:22.389  INFO 10688 --- [restartedMain] .ConditionEvaluationDeltaLoggingListener : Condition evaluation unchanged
2021-09-10 12:23:35.444  INFO 10688 --- [http-nio-8080-exec-1] o.a.c.c.C.[Tomcat].[localhost].[/]       : Initializing Spring DispatcherServlet 'dispatcherServlet'
2021-09-10 12:23:35.444  INFO 10688 --- [http-nio-8080-exec-1] o.s.web.servlet.DispatcherServlet        : Initializing Servlet 'dispatcherServlet'
2021-09-10 12:23:35.445  INFO 10688 --- [http-nio-8080-exec-1] o.s.web.servlet.DispatcherServlet        : Completed initialization in 1 ms
2021-09-10 12:27:12.848  INFO 10688 --- [Thread-36] j.LocalContainerEntityManagerFactoryBean : Closing JPA EntityManagerFactory for persistence unit 'default'
2021-09-10 12:27:13.062  WARN 10688 --- [Thread-36] o.s.b.f.support.DisposableBeanAdapter    : Invocation of destroy method failed on bean with name 'inMemoryDatabaseShutdownExecutor': org.h2.jdbc.JdbcSQLNonTransientConnectionException: La base de datos ya esta cerrada (para des-habilitar el cerrado automatico durante el shutdown de la VM, agregue ";DB_CLOSE_ON_EXIT=FALSE" a la URL de conexión)
Database is already closed (to disable automatic closing at VM shutdown, add ";DB_CLOSE_ON_EXIT=FALSE" to the db URL) [90121-200]
2021-09-10 12:27:13.063  INFO 10688 --- [Thread-36] com.zaxxer.hikari.HikariDataSource       : HikariPool-9 - Shutdown initiated...
2021-09-10 12:27:13.063  INFO 10688 --- [Thread-36] com.zaxxer.hikari.HikariDataSource       : HikariPool-9 - Shutdown completed.
2021-09-10 12:27:13.190  INFO 10688 --- [restartedMain] m.c.i.e.EvalucionTecnicaApplication      : Starting EvalucionTecnicaApplication using Java 15.0.2 on DESKTOP-LTRPHV3 with PID 10688 (D:\evaluciones\intercam\evalucacion\target\classes started by benito in D:\evaluciones\intercam\evalucacion)
2021-09-10 12:27:13.191  INFO 10688 --- [restartedMain] m.c.i.e.EvalucionTecnicaApplication      : No active profile set, falling back to default profiles: default
2021-09-10 12:27:13.396  INFO 10688 --- [restartedMain] .s.d.r.c.RepositoryConfigurationDelegate : Bootstrapping Spring Data JPA repositories in DEFAULT mode.
2021-09-10 12:27:13.403  INFO 10688 --- [restartedMain] .s.d.r.c.RepositoryConfigurationDelegate : Finished Spring Data repository scanning in 7 ms. Found 1 JPA repository interfaces.
2021-09-10 12:27:13.529  INFO 10688 --- [restartedMain] o.s.b.w.embedded.tomcat.TomcatWebServer  : Tomcat initialized with port(s): 8080 (http)
2021-09-10 12:27:13.530  INFO 10688 --- [restartedMain] o.apache.catalina.core.StandardService   : Starting service [Tomcat]
2021-09-10 12:27:13.530  INFO 10688 --- [restartedMain] org.apache.catalina.core.StandardEngine  : Starting Servlet engine: [Apache Tomcat/9.0.52]
2021-09-10 12:27:13.557  INFO 10688 --- [restartedMain] o.a.c.c.C.[Tomcat].[localhost].[/]       : Initializing Spring embedded WebApplicationContext
2021-09-10 12:27:13.557  INFO 10688 --- [restartedMain] w.s.c.ServletWebServerApplicationContext : Root WebApplicationContext: initialization completed in 363 ms
2021-09-10 12:27:13.574  INFO 10688 --- [restartedMain] com.zaxxer.hikari.HikariDataSource       : HikariPool-10 - Starting...
2021-09-10 12:27:13.577  INFO 10688 --- [restartedMain] com.zaxxer.hikari.HikariDataSource       : HikariPool-10 - Start completed.
2021-09-10 12:27:13.577  INFO 10688 --- [restartedMain] o.s.b.a.h2.H2ConsoleAutoConfiguration    : H2 console available at '/h2-console'. Database available at 'jdbc:h2:mem:intercamBD:DB_CLOSE_DELAY=-1'
2021-09-10 12:27:13.602  INFO 10688 --- [restartedMain] o.hibernate.jpa.internal.util.LogHelper  : HHH000204: Processing PersistenceUnitInfo [name: default]
2021-09-10 12:27:13.607  INFO 10688 --- [restartedMain] org.hibernate.dialect.Dialect            : HHH000400: Using dialect: org.hibernate.dialect.H2Dialect
2021-09-10 12:27:13.646  INFO 10688 --- [restartedMain] o.h.e.t.j.p.i.JtaPlatformInitiator       : HHH000490: Using JtaPlatform implementation: [org.hibernate.engine.transaction.jta.platform.internal.NoJtaPlatform]
2021-09-10 12:27:13.647  INFO 10688 --- [restartedMain] j.LocalContainerEntityManagerFactoryBean : Initialized JPA EntityManagerFactory for persistence unit 'default'
2021-09-10 12:27:13.742  WARN 10688 --- [restartedMain] JpaBaseConfiguration$JpaWebConfiguration : spring.jpa.open-in-view is enabled by default. Therefore, database queries may be performed during view rendering. Explicitly configure spring.jpa.open-in-view to disable this warning
2021-09-10 12:27:13.856  INFO 10688 --- [restartedMain] o.s.b.d.a.OptionalLiveReloadServer       : LiveReload server is running on port 35729
2021-09-10 12:27:13.868  INFO 10688 --- [restartedMain] o.s.b.w.embedded.tomcat.TomcatWebServer  : Tomcat started on port(s): 8080 (http) with context path ''
2021-09-10 12:27:13.873  INFO 10688 --- [restartedMain] m.c.i.e.EvalucionTecnicaApplication      : Started EvalucionTecnicaApplication in 0.721 seconds (JVM running for 7104.518)
2021-09-10 12:27:13.874  INFO 10688 --- [restartedMain] .ConditionEvaluationDeltaLoggingListener : Condition evaluation unchanged
2021-09-10 12:30:39.450  INFO 10688 --- [Thread-40] j.LocalContainerEntityManagerFactoryBean : Closing JPA EntityManagerFactory for persistence unit 'default'
2021-09-10 12:30:39.668  WARN 10688 --- [Thread-40] o.s.b.f.support.DisposableBeanAdapter    : Invocation of destroy method failed on bean with name 'inMemoryDatabaseShutdownExecutor': org.h2.jdbc.JdbcSQLNonTransientConnectionException: La base de datos ya esta cerrada (para des-habilitar el cerrado automatico durante el shutdown de la VM, agregue ";DB_CLOSE_ON_EXIT=FALSE" a la URL de conexión)
Database is already closed (to disable automatic closing at VM shutdown, add ";DB_CLOSE_ON_EXIT=FALSE" to the db URL) [90121-200]
2021-09-10 12:30:39.668  INFO 10688 --- [Thread-40] com.zaxxer.hikari.HikariDataSource       : HikariPool-10 - Shutdown initiated...
2021-09-10 12:30:39.669  INFO 10688 --- [Thread-40] com.zaxxer.hikari.HikariDataSource       : HikariPool-10 - Shutdown completed.
2021-09-10 12:30:39.794  INFO 10688 --- [restartedMain] m.c.i.e.EvalucionTecnicaApplication      : Starting EvalucionTecnicaApplication using Java 15.0.2 on DESKTOP-LTRPHV3 with PID 10688 (D:\evaluciones\intercam\evalucacion\target\classes started by benito in D:\evaluciones\intercam\evalucacion)
2021-09-10 12:30:39.795  INFO 10688 --- [restartedMain] m.c.i.e.EvalucionTecnicaApplication      : No active profile set, falling back to default profiles: default
2021-09-10 12:30:40.006  INFO 10688 --- [restartedMain] .s.d.r.c.RepositoryConfigurationDelegate : Bootstrapping Spring Data JPA repositories in DEFAULT mode.
2021-09-10 12:30:40.016  INFO 10688 --- [restartedMain] .s.d.r.c.RepositoryConfigurationDelegate : Finished Spring Data repository scanning in 9 ms. Found 1 JPA repository interfaces.
2021-09-10 12:30:40.141  INFO 10688 --- [restartedMain] o.s.b.w.embedded.tomcat.TomcatWebServer  : Tomcat initialized with port(s): 8080 (http)
2021-09-10 12:30:40.142  INFO 10688 --- [restartedMain] o.apache.catalina.core.StandardService   : Starting service [Tomcat]
2021-09-10 12:30:40.142  INFO 10688 --- [restartedMain] org.apache.catalina.core.StandardEngine  : Starting Servlet engine: [Apache Tomcat/9.0.52]
2021-09-10 12:30:40.168  INFO 10688 --- [restartedMain] o.a.c.c.C.[Tomcat].[localhost].[/]       : Initializing Spring embedded WebApplicationContext
2021-09-10 12:30:40.169  INFO 10688 --- [restartedMain] w.s.c.ServletWebServerApplicationContext : Root WebApplicationContext: initialization completed in 371 ms
2021-09-10 12:30:40.188  INFO 10688 --- [restartedMain] com.zaxxer.hikari.HikariDataSource       : HikariPool-11 - Starting...
2021-09-10 12:30:40.192  INFO 10688 --- [restartedMain] com.zaxxer.hikari.HikariDataSource       : HikariPool-11 - Start completed.
2021-09-10 12:30:40.192  INFO 10688 --- [restartedMain] o.s.b.a.h2.H2ConsoleAutoConfiguration    : H2 console available at '/h2-console'. Database available at 'jdbc:h2:mem:intercamBD:DB_CLOSE_DELAY=-1'
2021-09-10 12:30:40.218  INFO 10688 --- [restartedMain] o.hibernate.jpa.internal.util.LogHelper  : HHH000204: Processing PersistenceUnitInfo [name: default]
2021-09-10 12:30:40.222  INFO 10688 --- [restartedMain] org.hibernate.dialect.Dialect            : HHH000400: Using dialect: org.hibernate.dialect.H2Dialect
2021-09-10 12:30:40.267  INFO 10688 --- [restartedMain] o.h.e.t.j.p.i.JtaPlatformInitiator       : HHH000490: Using JtaPlatform implementation: [org.hibernate.engine.transaction.jta.platform.internal.NoJtaPlatform]
2021-09-10 12:30:40.267  INFO 10688 --- [restartedMain] j.LocalContainerEntityManagerFactoryBean : Initialized JPA EntityManagerFactory for persistence unit 'default'
2021-09-10 12:30:40.367  WARN 10688 --- [restartedMain] JpaBaseConfiguration$JpaWebConfiguration : spring.jpa.open-in-view is enabled by default. Therefore, database queries may be performed during view rendering. Explicitly configure spring.jpa.open-in-view to disable this warning
2021-09-10 12:30:40.479  INFO 10688 --- [restartedMain] o.s.b.d.a.OptionalLiveReloadServer       : LiveReload server is running on port 35729
2021-09-10 12:30:40.492  INFO 10688 --- [restartedMain] o.s.b.w.embedded.tomcat.TomcatWebServer  : Tomcat started on port(s): 8080 (http) with context path ''
2021-09-10 12:30:40.496  INFO 10688 --- [restartedMain] m.c.i.e.EvalucionTecnicaApplication      : Started EvalucionTecnicaApplication in 0.742 seconds (JVM running for 7311.142)
2021-09-10 12:30:40.499  INFO 10688 --- [restartedMain] .ConditionEvaluationDeltaLoggingListener : Condition evaluation unchanged
2021-09-10 12:31:09.113  INFO 10688 --- [http-nio-8080-exec-1] o.a.c.c.C.[Tomcat].[localhost].[/]       : Initializing Spring DispatcherServlet 'dispatcherServlet'
2021-09-10 12:31:09.113  INFO 10688 --- [http-nio-8080-exec-1] o.s.web.servlet.DispatcherServlet        : Initializing Servlet 'dispatcherServlet'
2021-09-10 12:31:09.114  INFO 10688 --- [http-nio-8080-exec-1] o.s.web.servlet.DispatcherServlet        : Completed initialization in 1 ms
2021-09-10 12:31:34.107  INFO 10688 --- [Thread-44] j.LocalContainerEntityManagerFactoryBean : Closing JPA EntityManagerFactory for persistence unit 'default'
2021-09-10 12:31:34.317  WARN 10688 --- [Thread-44] o.s.b.f.support.DisposableBeanAdapter    : Invocation of destroy method failed on bean with name 'inMemoryDatabaseShutdownExecutor': org.h2.jdbc.JdbcSQLNonTransientConnectionException: La base de datos ya esta cerrada (para des-habilitar el cerrado automatico durante el shutdown de la VM, agregue ";DB_CLOSE_ON_EXIT=FALSE" a la URL de conexión)
Database is already closed (to disable automatic closing at VM shutdown, add ";DB_CLOSE_ON_EXIT=FALSE" to the db URL) [90121-200]
2021-09-10 12:31:34.318  INFO 10688 --- [Thread-44] com.zaxxer.hikari.HikariDataSource       : HikariPool-11 - Shutdown initiated...
2021-09-10 12:31:34.318  INFO 10688 --- [Thread-44] com.zaxxer.hikari.HikariDataSource       : HikariPool-11 - Shutdown completed.
2021-09-10 12:31:34.448  INFO 10688 --- [restartedMain] m.c.i.e.EvalucionTecnicaApplication      : Starting EvalucionTecnicaApplication using Java 15.0.2 on DESKTOP-LTRPHV3 with PID 10688 (D:\evaluciones\intercam\evalucacion\target\classes started by benito in D:\evaluciones\intercam\evalucacion)
2021-09-10 12:31:34.448  INFO 10688 --- [restartedMain] m.c.i.e.EvalucionTecnicaApplication      : No active profile set, falling back to default profiles: default
2021-09-10 12:31:34.651  INFO 10688 --- [restartedMain] .s.d.r.c.RepositoryConfigurationDelegate : Bootstrapping Spring Data JPA repositories in DEFAULT mode.
2021-09-10 12:31:34.664  INFO 10688 --- [restartedMain] .s.d.r.c.RepositoryConfigurationDelegate : Finished Spring Data repository scanning in 13 ms. Found 1 JPA repository interfaces.
2021-09-10 12:31:34.796  INFO 10688 --- [restartedMain] o.s.b.w.embedded.tomcat.TomcatWebServer  : Tomcat initialized with port(s): 8080 (http)
2021-09-10 12:31:34.797  INFO 10688 --- [restartedMain] o.apache.catalina.core.StandardService   : Starting service [Tomcat]
2021-09-10 12:31:34.797  INFO 10688 --- [restartedMain] org.apache.catalina.core.StandardEngine  : Starting Servlet engine: [Apache Tomcat/9.0.52]
2021-09-10 12:31:34.822  INFO 10688 --- [restartedMain] o.a.c.c.C.[Tomcat].[localhost].[/]       : Initializing Spring embedded WebApplicationContext
2021-09-10 12:31:34.822  INFO 10688 --- [restartedMain] w.s.c.ServletWebServerApplicationContext : Root WebApplicationContext: initialization completed in 370 ms
2021-09-10 12:31:34.839  INFO 10688 --- [restartedMain] com.zaxxer.hikari.HikariDataSource       : HikariPool-12 - Starting...
2021-09-10 12:31:34.843  INFO 10688 --- [restartedMain] com.zaxxer.hikari.HikariDataSource       : HikariPool-12 - Start completed.
2021-09-10 12:31:34.843  INFO 10688 --- [restartedMain] o.s.b.a.h2.H2ConsoleAutoConfiguration    : H2 console available at '/h2-console'. Database available at 'jdbc:h2:mem:intercamBD:DB_CLOSE_DELAY=-1'
2021-09-10 12:31:34.865  INFO 10688 --- [restartedMain] o.hibernate.jpa.internal.util.LogHelper  : HHH000204: Processing PersistenceUnitInfo [name: default]
2021-09-10 12:31:34.870  INFO 10688 --- [restartedMain] org.hibernate.dialect.Dialect            : HHH000400: Using dialect: org.hibernate.dialect.H2Dialect
2021-09-10 12:31:34.909  INFO 10688 --- [restartedMain] o.h.e.t.j.p.i.JtaPlatformInitiator       : HHH000490: Using JtaPlatform implementation: [org.hibernate.engine.transaction.jta.platform.internal.NoJtaPlatform]
2021-09-10 12:31:34.909  INFO 10688 --- [restartedMain] j.LocalContainerEntityManagerFactoryBean : Initialized JPA EntityManagerFactory for persistence unit 'default'
2021-09-10 12:31:35.004  WARN 10688 --- [restartedMain] JpaBaseConfiguration$JpaWebConfiguration : spring.jpa.open-in-view is enabled by default. Therefore, database queries may be performed during view rendering. Explicitly configure spring.jpa.open-in-view to disable this warning
2021-09-10 12:31:35.108  INFO 10688 --- [restartedMain] o.s.b.d.a.OptionalLiveReloadServer       : LiveReload server is running on port 35729
2021-09-10 12:31:35.121  INFO 10688 --- [restartedMain] o.s.b.w.embedded.tomcat.TomcatWebServer  : Tomcat started on port(s): 8080 (http) with context path ''
2021-09-10 12:31:35.127  INFO 10688 --- [restartedMain] m.c.i.e.EvalucionTecnicaApplication      : Started EvalucionTecnicaApplication in 0.712 seconds (JVM running for 7365.772)
2021-09-10 12:31:35.129  INFO 10688 --- [restartedMain] .ConditionEvaluationDeltaLoggingListener : Condition evaluation unchanged
2021-09-10 12:31:44.043  INFO 10688 --- [http-nio-8080-exec-1] o.a.c.c.C.[Tomcat].[localhost].[/]       : Initializing Spring DispatcherServlet 'dispatcherServlet'
2021-09-10 12:31:44.043  INFO 10688 --- [http-nio-8080-exec-1] o.s.web.servlet.DispatcherServlet        : Initializing Servlet 'dispatcherServlet'
2021-09-10 12:31:44.045  INFO 10688 --- [http-nio-8080-exec-1] o.s.web.servlet.DispatcherServlet        : Completed initialization in 1 ms
2021-09-10 12:32:07.627  INFO 10688 --- [Thread-48] j.LocalContainerEntityManagerFactoryBean : Closing JPA EntityManagerFactory for persistence unit 'default'
2021-09-10 12:32:07.831  WARN 10688 --- [Thread-48] o.s.b.f.support.DisposableBeanAdapter    : Invocation of destroy method failed on bean with name 'inMemoryDatabaseShutdownExecutor': org.h2.jdbc.JdbcSQLNonTransientConnectionException: La base de datos ya esta cerrada (para des-habilitar el cerrado automatico durante el shutdown de la VM, agregue ";DB_CLOSE_ON_EXIT=FALSE" a la URL de conexión)
Database is already closed (to disable automatic closing at VM shutdown, add ";DB_CLOSE_ON_EXIT=FALSE" to the db URL) [90121-200]
2021-09-10 12:32:07.832  INFO 10688 --- [Thread-48] com.zaxxer.hikari.HikariDataSource       : HikariPool-12 - Shutdown initiated...
2021-09-10 12:32:07.834  INFO 10688 --- [Thread-48] com.zaxxer.hikari.HikariDataSource       : HikariPool-12 - Shutdown completed.
2021-09-10 12:32:07.970  INFO 10688 --- [restartedMain] m.c.i.e.EvalucionTecnicaApplication      : Starting EvalucionTecnicaApplication using Java 15.0.2 on DESKTOP-LTRPHV3 with PID 10688 (D:\evaluciones\intercam\evalucacion\target\classes started by benito in D:\evaluciones\intercam\evalucacion)
2021-09-10 12:32:07.970  INFO 10688 --- [restartedMain] m.c.i.e.EvalucionTecnicaApplication      : No active profile set, falling back to default profiles: default
2021-09-10 12:32:08.170  INFO 10688 --- [restartedMain] .s.d.r.c.RepositoryConfigurationDelegate : Bootstrapping Spring Data JPA repositories in DEFAULT mode.
2021-09-10 12:32:08.182  INFO 10688 --- [restartedMain] .s.d.r.c.RepositoryConfigurationDelegate : Finished Spring Data repository scanning in 12 ms. Found 1 JPA repository interfaces.
2021-09-10 12:32:08.297  INFO 10688 --- [restartedMain] o.s.b.w.embedded.tomcat.TomcatWebServer  : Tomcat initialized with port(s): 8080 (http)
2021-09-10 12:32:08.297  INFO 10688 --- [restartedMain] o.apache.catalina.core.StandardService   : Starting service [Tomcat]
2021-09-10 12:32:08.298  INFO 10688 --- [restartedMain] org.apache.catalina.core.StandardEngine  : Starting Servlet engine: [Apache Tomcat/9.0.52]
2021-09-10 12:32:08.320  INFO 10688 --- [restartedMain] o.a.c.c.C.[Tomcat].[localhost].[/]       : Initializing Spring embedded WebApplicationContext
2021-09-10 12:32:08.320  INFO 10688 --- [restartedMain] w.s.c.ServletWebServerApplicationContext : Root WebApplicationContext: initialization completed in 348 ms
2021-09-10 12:32:08.337  INFO 10688 --- [restartedMain] com.zaxxer.hikari.HikariDataSource       : HikariPool-13 - Starting...
2021-09-10 12:32:08.340  INFO 10688 --- [restartedMain] com.zaxxer.hikari.HikariDataSource       : HikariPool-13 - Start completed.
2021-09-10 12:32:08.340  INFO 10688 --- [restartedMain] o.s.b.a.h2.H2ConsoleAutoConfiguration    : H2 console available at '/h2-console'. Database available at 'jdbc:h2:mem:intercamBD:DB_CLOSE_DELAY=-1'
2021-09-10 12:32:08.367  INFO 10688 --- [restartedMain] o.hibernate.jpa.internal.util.LogHelper  : HHH000204: Processing PersistenceUnitInfo [name: default]
2021-09-10 12:32:08.371  INFO 10688 --- [restartedMain] org.hibernate.dialect.Dialect            : HHH000400: Using dialect: org.hibernate.dialect.H2Dialect
2021-09-10 12:32:08.407  INFO 10688 --- [restartedMain] o.h.e.t.j.p.i.JtaPlatformInitiator       : HHH000490: Using JtaPlatform implementation: [org.hibernate.engine.transaction.jta.platform.internal.NoJtaPlatform]
2021-09-10 12:32:08.407  INFO 10688 --- [restartedMain] j.LocalContainerEntityManagerFactoryBean : Initialized JPA EntityManagerFactory for persistence unit 'default'
2021-09-10 12:32:08.499  WARN 10688 --- [restartedMain] JpaBaseConfiguration$JpaWebConfiguration : spring.jpa.open-in-view is enabled by default. Therefore, database queries may be performed during view rendering. Explicitly configure spring.jpa.open-in-view to disable this warning
2021-09-10 12:32:08.605  INFO 10688 --- [restartedMain] o.s.b.d.a.OptionalLiveReloadServer       : LiveReload server is running on port 35729
2021-09-10 12:32:08.619  INFO 10688 --- [restartedMain] o.s.b.w.embedded.tomcat.TomcatWebServer  : Tomcat started on port(s): 8080 (http) with context path ''
2021-09-10 12:32:08.625  INFO 10688 --- [restartedMain] m.c.i.e.EvalucionTecnicaApplication      : Started EvalucionTecnicaApplication in 0.687 seconds (JVM running for 7399.269)
2021-09-10 12:32:08.625  INFO 10688 --- [restartedMain] .ConditionEvaluationDeltaLoggingListener : Condition evaluation unchanged
2021-09-10 12:32:23.286  INFO 10688 --- [http-nio-8080-exec-1] o.a.c.c.C.[Tomcat].[localhost].[/]       : Initializing Spring DispatcherServlet 'dispatcherServlet'
2021-09-10 12:32:23.286  INFO 10688 --- [http-nio-8080-exec-1] o.s.web.servlet.DispatcherServlet        : Initializing Servlet 'dispatcherServlet'
2021-09-10 12:32:23.288  INFO 10688 --- [http-nio-8080-exec-1] o.s.web.servlet.DispatcherServlet        : Completed initialization in 2 ms
2021-09-10 12:34:43.959  INFO 10688 --- [Thread-52] j.LocalContainerEntityManagerFactoryBean : Closing JPA EntityManagerFactory for persistence unit 'default'
2021-09-10 12:34:44.164  WARN 10688 --- [Thread-52] o.s.b.f.support.DisposableBeanAdapter    : Invocation of destroy method failed on bean with name 'inMemoryDatabaseShutdownExecutor': org.h2.jdbc.JdbcSQLNonTransientConnectionException: La base de datos ya esta cerrada (para des-habilitar el cerrado automatico durante el shutdown de la VM, agregue ";DB_CLOSE_ON_EXIT=FALSE" a la URL de conexión)
Database is already closed (to disable automatic closing at VM shutdown, add ";DB_CLOSE_ON_EXIT=FALSE" to the db URL) [90121-200]
2021-09-10 12:34:44.164  INFO 10688 --- [Thread-52] com.zaxxer.hikari.HikariDataSource       : HikariPool-13 - Shutdown initiated...
2021-09-10 12:34:44.165  INFO 10688 --- [Thread-52] com.zaxxer.hikari.HikariDataSource       : HikariPool-13 - Shutdown completed.
2021-09-10 12:34:44.297  INFO 10688 --- [restartedMain] m.c.i.e.EvalucionTecnicaApplication      : Starting EvalucionTecnicaApplication using Java 15.0.2 on DESKTOP-LTRPHV3 with PID 10688 (D:\evaluciones\intercam\evalucacion\target\classes started by benito in D:\evaluciones\intercam\evalucacion)
2021-09-10 12:34:44.297  INFO 10688 --- [restartedMain] m.c.i.e.EvalucionTecnicaApplication      : No active profile set, falling back to default profiles: default
2021-09-10 12:34:44.480  INFO 10688 --- [restartedMain] .s.d.r.c.RepositoryConfigurationDelegate : Bootstrapping Spring Data JPA repositories in DEFAULT mode.
2021-09-10 12:34:44.488  INFO 10688 --- [restartedMain] .s.d.r.c.RepositoryConfigurationDelegate : Finished Spring Data repository scanning in 7 ms. Found 1 JPA repository interfaces.
2021-09-10 12:34:44.600  INFO 10688 --- [restartedMain] o.s.b.w.embedded.tomcat.TomcatWebServer  : Tomcat initialized with port(s): 8080 (http)
2021-09-10 12:34:44.600  INFO 10688 --- [restartedMain] o.apache.catalina.core.StandardService   : Starting service [Tomcat]
2021-09-10 12:34:44.601  INFO 10688 --- [restartedMain] org.apache.catalina.core.StandardEngine  : Starting Servlet engine: [Apache Tomcat/9.0.52]
2021-09-10 12:34:44.624  INFO 10688 --- [restartedMain] o.a.c.c.C.[Tomcat].[localhost].[/]       : Initializing Spring embedded WebApplicationContext
2021-09-10 12:34:44.624  INFO 10688 --- [restartedMain] w.s.c.ServletWebServerApplicationContext : Root WebApplicationContext: initialization completed in 324 ms
2021-09-10 12:34:44.640  INFO 10688 --- [restartedMain] com.zaxxer.hikari.HikariDataSource       : HikariPool-14 - Starting...
2021-09-10 12:34:44.642  INFO 10688 --- [restartedMain] com.zaxxer.hikari.HikariDataSource       : HikariPool-14 - Start completed.
2021-09-10 12:34:44.642  INFO 10688 --- [restartedMain] o.s.b.a.h2.H2ConsoleAutoConfiguration    : H2 console available at '/h2-console'. Database available at 'jdbc:h2:mem:intercamBD:DB_CLOSE_DELAY=-1'
2021-09-10 12:34:44.674  INFO 10688 --- [restartedMain] o.hibernate.jpa.internal.util.LogHelper  : HHH000204: Processing PersistenceUnitInfo [name: default]
2021-09-10 12:34:44.679  INFO 10688 --- [restartedMain] org.hibernate.dialect.Dialect            : HHH000400: Using dialect: org.hibernate.dialect.H2Dialect
2021-09-10 12:34:44.711  INFO 10688 --- [restartedMain] o.h.e.t.j.p.i.JtaPlatformInitiator       : HHH000490: Using JtaPlatform implementation: [org.hibernate.engine.transaction.jta.platform.internal.NoJtaPlatform]
2021-09-10 12:34:44.711  INFO 10688 --- [restartedMain] j.LocalContainerEntityManagerFactoryBean : Initialized JPA EntityManagerFactory for persistence unit 'default'
2021-09-10 12:34:44.834  WARN 10688 --- [restartedMain] JpaBaseConfiguration$JpaWebConfiguration : spring.jpa.open-in-view is enabled by default. Therefore, database queries may be performed during view rendering. Explicitly configure spring.jpa.open-in-view to disable this warning
2021-09-10 12:34:44.940  INFO 10688 --- [restartedMain] o.s.b.d.a.OptionalLiveReloadServer       : LiveReload server is running on port 35729
2021-09-10 12:34:44.954  INFO 10688 --- [restartedMain] o.s.b.w.embedded.tomcat.TomcatWebServer  : Tomcat started on port(s): 8080 (http) with context path ''
2021-09-10 12:34:44.958  INFO 10688 --- [restartedMain] m.c.i.e.EvalucionTecnicaApplication      : Started EvalucionTecnicaApplication in 0.699 seconds (JVM running for 7555.604)
2021-09-10 12:34:44.960  INFO 10688 --- [restartedMain] .ConditionEvaluationDeltaLoggingListener : Condition evaluation unchanged
2021-09-10 12:34:53.570  INFO 10688 --- [Thread-56] j.LocalContainerEntityManagerFactoryBean : Closing JPA EntityManagerFactory for persistence unit 'default'
2021-09-10 12:34:53.774  WARN 10688 --- [Thread-56] o.s.b.f.support.DisposableBeanAdapter    : Invocation of destroy method failed on bean with name 'inMemoryDatabaseShutdownExecutor': org.h2.jdbc.JdbcSQLNonTransientConnectionException: La base de datos ya esta cerrada (para des-habilitar el cerrado automatico durante el shutdown de la VM, agregue ";DB_CLOSE_ON_EXIT=FALSE" a la URL de conexión)
Database is already closed (to disable automatic closing at VM shutdown, add ";DB_CLOSE_ON_EXIT=FALSE" to the db URL) [90121-200]
2021-09-10 12:34:53.774  INFO 10688 --- [Thread-56] com.zaxxer.hikari.HikariDataSource       : HikariPool-14 - Shutdown initiated...
2021-09-10 12:34:53.775  INFO 10688 --- [Thread-56] com.zaxxer.hikari.HikariDataSource       : HikariPool-14 - Shutdown completed.
2021-09-10 12:34:53.911  INFO 10688 --- [restartedMain] m.c.i.e.EvalucionTecnicaApplication      : Starting EvalucionTecnicaApplication using Java 15.0.2 on DESKTOP-LTRPHV3 with PID 10688 (D:\evaluciones\intercam\evalucacion\target\classes started by benito in D:\evaluciones\intercam\evalucacion)
2021-09-10 12:34:53.912  INFO 10688 --- [restartedMain] m.c.i.e.EvalucionTecnicaApplication      : No active profile set, falling back to default profiles: default
2021-09-10 12:34:54.097  INFO 10688 --- [restartedMain] .s.d.r.c.RepositoryConfigurationDelegate : Bootstrapping Spring Data JPA repositories in DEFAULT mode.
2021-09-10 12:34:54.106  INFO 10688 --- [restartedMain] .s.d.r.c.RepositoryConfigurationDelegate : Finished Spring Data repository scanning in 8 ms. Found 1 JPA repository interfaces.
2021-09-10 12:34:54.221  INFO 10688 --- [restartedMain] o.s.b.w.embedded.tomcat.TomcatWebServer  : Tomcat initialized with port(s): 8080 (http)
2021-09-10 12:34:54.222  INFO 10688 --- [restartedMain] o.apache.catalina.core.StandardService   : Starting service [Tomcat]
2021-09-10 12:34:54.222  INFO 10688 --- [restartedMain] org.apache.catalina.core.StandardEngine  : Starting Servlet engine: [Apache Tomcat/9.0.52]
2021-09-10 12:34:54.248  INFO 10688 --- [restartedMain] o.a.c.c.C.[Tomcat].[localhost].[/]       : Initializing Spring embedded WebApplicationContext
2021-09-10 12:34:54.248  INFO 10688 --- [restartedMain] w.s.c.ServletWebServerApplicationContext : Root WebApplicationContext: initialization completed in 333 ms
2021-09-10 12:34:54.268  INFO 10688 --- [restartedMain] com.zaxxer.hikari.HikariDataSource       : HikariPool-15 - Starting...
2021-09-10 12:34:54.269  INFO 10688 --- [restartedMain] com.zaxxer.hikari.HikariDataSource       : HikariPool-15 - Start completed.
2021-09-10 12:34:54.270  INFO 10688 --- [restartedMain] o.s.b.a.h2.H2ConsoleAutoConfiguration    : H2 console available at '/h2-console'. Database available at 'jdbc:h2:mem:intercamBD:DB_CLOSE_DELAY=-1'
2021-09-10 12:34:54.293  INFO 10688 --- [restartedMain] o.hibernate.jpa.internal.util.LogHelper  : HHH000204: Processing PersistenceUnitInfo [name: default]
2021-09-10 12:34:54.297  INFO 10688 --- [restartedMain] org.hibernate.dialect.Dialect            : HHH000400: Using dialect: org.hibernate.dialect.H2Dialect
2021-09-10 12:34:54.331  INFO 10688 --- [restartedMain] o.h.e.t.j.p.i.JtaPlatformInitiator       : HHH000490: Using JtaPlatform implementation: [org.hibernate.engine.transaction.jta.platform.internal.NoJtaPlatform]
2021-09-10 12:34:54.331  INFO 10688 --- [restartedMain] j.LocalContainerEntityManagerFactoryBean : Initialized JPA EntityManagerFactory for persistence unit 'default'
2021-09-10 12:34:54.424  WARN 10688 --- [restartedMain] JpaBaseConfiguration$JpaWebConfiguration : spring.jpa.open-in-view is enabled by default. Therefore, database queries may be performed during view rendering. Explicitly configure spring.jpa.open-in-view to disable this warning
2021-09-10 12:34:54.547  INFO 10688 --- [restartedMain] o.s.b.d.a.OptionalLiveReloadServer       : LiveReload server is running on port 35729
2021-09-10 12:34:54.560  INFO 10688 --- [restartedMain] o.s.b.w.embedded.tomcat.TomcatWebServer  : Tomcat started on port(s): 8080 (http) with context path ''
2021-09-10 12:34:54.565  INFO 10688 --- [restartedMain] m.c.i.e.EvalucionTecnicaApplication      : Started EvalucionTecnicaApplication in 0.691 seconds (JVM running for 7565.21)
2021-09-10 12:34:54.567  INFO 10688 --- [restartedMain] .ConditionEvaluationDeltaLoggingListener : Condition evaluation unchanged
2021-09-10 12:35:04.524  INFO 10688 --- [http-nio-8080-exec-1] o.a.c.c.C.[Tomcat].[localhost].[/]       : Initializing Spring DispatcherServlet 'dispatcherServlet'
2021-09-10 12:35:04.524  INFO 10688 --- [http-nio-8080-exec-1] o.s.web.servlet.DispatcherServlet        : Initializing Servlet 'dispatcherServlet'
2021-09-10 12:35:04.526  INFO 10688 --- [http-nio-8080-exec-1] o.s.web.servlet.DispatcherServlet        : Completed initialization in 2 ms
2021-09-10 12:37:26.133  INFO 10688 --- [Thread-60] j.LocalContainerEntityManagerFactoryBean : Closing JPA EntityManagerFactory for persistence unit 'default'
2021-09-10 12:37:26.340  WARN 10688 --- [Thread-60] o.s.b.f.support.DisposableBeanAdapter    : Invocation of destroy method failed on bean with name 'inMemoryDatabaseShutdownExecutor': org.h2.jdbc.JdbcSQLNonTransientConnectionException: La base de datos ya esta cerrada (para des-habilitar el cerrado automatico durante el shutdown de la VM, agregue ";DB_CLOSE_ON_EXIT=FALSE" a la URL de conexión)
Database is already closed (to disable automatic closing at VM shutdown, add ";DB_CLOSE_ON_EXIT=FALSE" to the db URL) [90121-200]
2021-09-10 12:37:26.341  INFO 10688 --- [Thread-60] com.zaxxer.hikari.HikariDataSource       : HikariPool-15 - Shutdown initiated...
2021-09-10 12:37:26.341  INFO 10688 --- [Thread-60] com.zaxxer.hikari.HikariDataSource       : HikariPool-15 - Shutdown completed.
2021-09-10 12:37:26.477  INFO 10688 --- [restartedMain] m.c.i.e.EvalucionTecnicaApplication      : Starting EvalucionTecnicaApplication using Java 15.0.2 on DESKTOP-LTRPHV3 with PID 10688 (D:\evaluciones\intercam\evalucacion\target\classes started by benito in D:\evaluciones\intercam\evalucacion)
2021-09-10 12:37:26.478  INFO 10688 --- [restartedMain] m.c.i.e.EvalucionTecnicaApplication      : No active profile set, falling back to default profiles: default
2021-09-10 12:37:26.675  INFO 10688 --- [restartedMain] .s.d.r.c.RepositoryConfigurationDelegate : Bootstrapping Spring Data JPA repositories in DEFAULT mode.
2021-09-10 12:37:26.684  INFO 10688 --- [restartedMain] .s.d.r.c.RepositoryConfigurationDelegate : Finished Spring Data repository scanning in 9 ms. Found 1 JPA repository interfaces.
2021-09-10 12:37:26.811  INFO 10688 --- [restartedMain] o.s.b.w.embedded.tomcat.TomcatWebServer  : Tomcat initialized with port(s): 8080 (http)
2021-09-10 12:37:26.811  INFO 10688 --- [restartedMain] o.apache.catalina.core.StandardService   : Starting service [Tomcat]
2021-09-10 12:37:26.812  INFO 10688 --- [restartedMain] org.apache.catalina.core.StandardEngine  : Starting Servlet engine: [Apache Tomcat/9.0.52]
2021-09-10 12:37:26.835  INFO 10688 --- [restartedMain] o.a.c.c.C.[Tomcat].[localhost].[/]       : Initializing Spring embedded WebApplicationContext
2021-09-10 12:37:26.835  INFO 10688 --- [restartedMain] w.s.c.ServletWebServerApplicationContext : Root WebApplicationContext: initialization completed in 353 ms
2021-09-10 12:37:26.853  INFO 10688 --- [restartedMain] com.zaxxer.hikari.HikariDataSource       : HikariPool-16 - Starting...
2021-09-10 12:37:26.857  INFO 10688 --- [restartedMain] com.zaxxer.hikari.HikariDataSource       : HikariPool-16 - Start completed.
2021-09-10 12:37:26.857  INFO 10688 --- [restartedMain] o.s.b.a.h2.H2ConsoleAutoConfiguration    : H2 console available at '/h2-console'. Database available at 'jdbc:h2:mem:intercamBD:DB_CLOSE_DELAY=-1'
2021-09-10 12:37:26.883  INFO 10688 --- [restartedMain] o.hibernate.jpa.internal.util.LogHelper  : HHH000204: Processing PersistenceUnitInfo [name: default]
2021-09-10 12:37:26.889  INFO 10688 --- [restartedMain] org.hibernate.dialect.Dialect            : HHH000400: Using dialect: org.hibernate.dialect.H2Dialect
2021-09-10 12:37:26.924  INFO 10688 --- [restartedMain] o.h.e.t.j.p.i.JtaPlatformInitiator       : HHH000490: Using JtaPlatform implementation: [org.hibernate.engine.transaction.jta.platform.internal.NoJtaPlatform]
2021-09-10 12:37:26.924  INFO 10688 --- [restartedMain] j.LocalContainerEntityManagerFactoryBean : Initialized JPA EntityManagerFactory for persistence unit 'default'
2021-09-10 12:37:27.036  WARN 10688 --- [restartedMain] JpaBaseConfiguration$JpaWebConfiguration : spring.jpa.open-in-view is enabled by default. Therefore, database queries may be performed during view rendering. Explicitly configure spring.jpa.open-in-view to disable this warning
2021-09-10 12:37:27.142  INFO 10688 --- [restartedMain] o.s.b.d.a.OptionalLiveReloadServer       : LiveReload server is running on port 35729
2021-09-10 12:37:27.157  INFO 10688 --- [restartedMain] o.s.b.w.embedded.tomcat.TomcatWebServer  : Tomcat started on port(s): 8080 (http) with context path ''
2021-09-10 12:37:27.162  INFO 10688 --- [restartedMain] m.c.i.e.EvalucionTecnicaApplication      : Started EvalucionTecnicaApplication in 0.729 seconds (JVM running for 7717.807)
2021-09-10 12:37:27.164  INFO 10688 --- [restartedMain] .ConditionEvaluationDeltaLoggingListener : Condition evaluation unchanged
2021-09-10 12:37:34.777  INFO 10688 --- [Thread-64] j.LocalContainerEntityManagerFactoryBean : Closing JPA EntityManagerFactory for persistence unit 'default'
2021-09-10 12:37:34.980  WARN 10688 --- [Thread-64] o.s.b.f.support.DisposableBeanAdapter    : Invocation of destroy method failed on bean with name 'inMemoryDatabaseShutdownExecutor': org.h2.jdbc.JdbcSQLNonTransientConnectionException: La base de datos ya esta cerrada (para des-habilitar el cerrado automatico durante el shutdown de la VM, agregue ";DB_CLOSE_ON_EXIT=FALSE" a la URL de conexión)
Database is already closed (to disable automatic closing at VM shutdown, add ";DB_CLOSE_ON_EXIT=FALSE" to the db URL) [90121-200]
2021-09-10 12:37:34.980  INFO 10688 --- [Thread-64] com.zaxxer.hikari.HikariDataSource       : HikariPool-16 - Shutdown initiated...
2021-09-10 12:37:34.981  INFO 10688 --- [Thread-64] com.zaxxer.hikari.HikariDataSource       : HikariPool-16 - Shutdown completed.
2021-09-10 12:37:35.108  INFO 10688 --- [restartedMain] m.c.i.e.EvalucionTecnicaApplication      : Starting EvalucionTecnicaApplication using Java 15.0.2 on DESKTOP-LTRPHV3 with PID 10688 (D:\evaluciones\intercam\evalucacion\target\classes started by benito in D:\evaluciones\intercam\evalucacion)
2021-09-10 12:37:35.108  INFO 10688 --- [restartedMain] m.c.i.e.EvalucionTecnicaApplication      : No active profile set, falling back to default profiles: default
2021-09-10 12:37:35.305  INFO 10688 --- [restartedMain] .s.d.r.c.RepositoryConfigurationDelegate : Bootstrapping Spring Data JPA repositories in DEFAULT mode.
2021-09-10 12:37:35.313  INFO 10688 --- [restartedMain] .s.d.r.c.RepositoryConfigurationDelegate : Finished Spring Data repository scanning in 7 ms. Found 1 JPA repository interfaces.
2021-09-10 12:37:35.429  INFO 10688 --- [restartedMain] o.s.b.w.embedded.tomcat.TomcatWebServer  : Tomcat initialized with port(s): 8080 (http)
2021-09-10 12:37:35.430  INFO 10688 --- [restartedMain] o.apache.catalina.core.StandardService   : Starting service [Tomcat]
2021-09-10 12:37:35.431  INFO 10688 --- [restartedMain] org.apache.catalina.core.StandardEngine  : Starting Servlet engine: [Apache Tomcat/9.0.52]
2021-09-10 12:37:35.454  INFO 10688 --- [restartedMain] o.a.c.c.C.[Tomcat].[localhost].[/]       : Initializing Spring embedded WebApplicationContext
2021-09-10 12:37:35.454  INFO 10688 --- [restartedMain] w.s.c.ServletWebServerApplicationContext : Root WebApplicationContext: initialization completed in 344 ms
2021-09-10 12:37:35.471  INFO 10688 --- [restartedMain] com.zaxxer.hikari.HikariDataSource       : HikariPool-17 - Starting...
2021-09-10 12:37:35.473  INFO 10688 --- [restartedMain] com.zaxxer.hikari.HikariDataSource       : HikariPool-17 - Start completed.
2021-09-10 12:37:35.473  INFO 10688 --- [restartedMain] o.s.b.a.h2.H2ConsoleAutoConfiguration    : H2 console available at '/h2-console'. Database available at 'jdbc:h2:mem:intercamBD:DB_CLOSE_DELAY=-1'
2021-09-10 12:37:35.497  INFO 10688 --- [restartedMain] o.hibernate.jpa.internal.util.LogHelper  : HHH000204: Processing PersistenceUnitInfo [name: default]
2021-09-10 12:37:35.504  INFO 10688 --- [restartedMain] org.hibernate.dialect.Dialect            : HHH000400: Using dialect: org.hibernate.dialect.H2Dialect
2021-09-10 12:37:35.533  INFO 10688 --- [restartedMain] o.h.e.t.j.p.i.JtaPlatformInitiator       : HHH000490: Using JtaPlatform implementation: [org.hibernate.engine.transaction.jta.platform.internal.NoJtaPlatform]
2021-09-10 12:37:35.533  INFO 10688 --- [restartedMain] j.LocalContainerEntityManagerFactoryBean : Initialized JPA EntityManagerFactory for persistence unit 'default'
2021-09-10 12:37:35.624  WARN 10688 --- [restartedMain] JpaBaseConfiguration$JpaWebConfiguration : spring.jpa.open-in-view is enabled by default. Therefore, database queries may be performed during view rendering. Explicitly configure spring.jpa.open-in-view to disable this warning
2021-09-10 12:37:35.726  INFO 10688 --- [restartedMain] o.s.b.d.a.OptionalLiveReloadServer       : LiveReload server is running on port 35729
2021-09-10 12:37:35.739  INFO 10688 --- [restartedMain] o.s.b.w.embedded.tomcat.TomcatWebServer  : Tomcat started on port(s): 8080 (http) with context path ''
2021-09-10 12:37:35.744  INFO 10688 --- [restartedMain] m.c.i.e.EvalucionTecnicaApplication      : Started EvalucionTecnicaApplication in 0.669 seconds (JVM running for 7726.389)
2021-09-10 12:37:35.745  INFO 10688 --- [restartedMain] .ConditionEvaluationDeltaLoggingListener : Condition evaluation unchanged
2021-09-10 12:44:04.843  INFO 10688 --- [http-nio-8080-exec-1] o.a.c.c.C.[Tomcat].[localhost].[/]       : Initializing Spring DispatcherServlet 'dispatcherServlet'
2021-09-10 12:44:04.843  INFO 10688 --- [http-nio-8080-exec-1] o.s.web.servlet.DispatcherServlet        : Initializing Servlet 'dispatcherServlet'
2021-09-10 12:44:04.846  INFO 10688 --- [http-nio-8080-exec-1] o.s.web.servlet.DispatcherServlet        : Completed initialization in 3 ms
2021-09-10 12:51:55.201  INFO 10688 --- [Thread-68] j.LocalContainerEntityManagerFactoryBean : Closing JPA EntityManagerFactory for persistence unit 'default'
2021-09-10 12:51:55.413  WARN 10688 --- [Thread-68] o.s.b.f.support.DisposableBeanAdapter    : Invocation of destroy method failed on bean with name 'inMemoryDatabaseShutdownExecutor': org.h2.jdbc.JdbcSQLNonTransientConnectionException: La base de datos ya esta cerrada (para des-habilitar el cerrado automatico durante el shutdown de la VM, agregue ";DB_CLOSE_ON_EXIT=FALSE" a la URL de conexión)
Database is already closed (to disable automatic closing at VM shutdown, add ";DB_CLOSE_ON_EXIT=FALSE" to the db URL) [90121-200]
2021-09-10 12:51:55.414  INFO 10688 --- [Thread-68] com.zaxxer.hikari.HikariDataSource       : HikariPool-17 - Shutdown initiated...
2021-09-10 12:51:55.415  INFO 10688 --- [Thread-68] com.zaxxer.hikari.HikariDataSource       : HikariPool-17 - Shutdown completed.
2021-09-10 12:51:55.586  INFO 10688 --- [restartedMain] m.c.i.e.EvalucionTecnicaApplication      : Starting EvalucionTecnicaApplication using Java 15.0.2 on DESKTOP-LTRPHV3 with PID 10688 (D:\evaluciones\intercam\evalucacion\target\classes started by benito in D:\evaluciones\intercam\evalucacion)
2021-09-10 12:51:55.587  INFO 10688 --- [restartedMain] m.c.i.e.EvalucionTecnicaApplication      : No active profile set, falling back to default profiles: default
2021-09-10 12:51:55.797  INFO 10688 --- [restartedMain] .s.d.r.c.RepositoryConfigurationDelegate : Bootstrapping Spring Data JPA repositories in DEFAULT mode.
2021-09-10 12:51:55.809  INFO 10688 --- [restartedMain] .s.d.r.c.RepositoryConfigurationDelegate : Finished Spring Data repository scanning in 11 ms. Found 1 JPA repository interfaces.
2021-09-10 12:51:55.923  INFO 10688 --- [restartedMain] o.s.b.w.embedded.tomcat.TomcatWebServer  : Tomcat initialized with port(s): 8080 (http)
2021-09-10 12:51:55.925  INFO 10688 --- [restartedMain] o.apache.catalina.core.StandardService   : Starting service [Tomcat]
2021-09-10 12:51:55.925  INFO 10688 --- [restartedMain] org.apache.catalina.core.StandardEngine  : Starting Servlet engine: [Apache Tomcat/9.0.52]
2021-09-10 12:51:55.947  INFO 10688 --- [restartedMain] o.a.c.c.C.[Tomcat].[localhost].[/]       : Initializing Spring embedded WebApplicationContext
2021-09-10 12:51:55.947  INFO 10688 --- [restartedMain] w.s.c.ServletWebServerApplicationContext : Root WebApplicationContext: initialization completed in 357 ms
2021-09-10 12:51:55.963  INFO 10688 --- [restartedMain] com.zaxxer.hikari.HikariDataSource       : HikariPool-18 - Starting...
2021-09-10 12:51:55.966  INFO 10688 --- [restartedMain] com.zaxxer.hikari.HikariDataSource       : HikariPool-18 - Start completed.
2021-09-10 12:51:55.966  INFO 10688 --- [restartedMain] o.s.b.a.h2.H2ConsoleAutoConfiguration    : H2 console available at '/h2-console'. Database available at 'jdbc:h2:mem:intercamBD:DB_CLOSE_DELAY=-1'
2021-09-10 12:51:55.989  INFO 10688 --- [restartedMain] o.hibernate.jpa.internal.util.LogHelper  : HHH000204: Processing PersistenceUnitInfo [name: default]
2021-09-10 12:51:55.994  INFO 10688 --- [restartedMain] org.hibernate.dialect.Dialect            : HHH000400: Using dialect: org.hibernate.dialect.H2Dialect
2021-09-10 12:51:56.025  INFO 10688 --- [restartedMain] o.h.e.t.j.p.i.JtaPlatformInitiator       : HHH000490: Using JtaPlatform implementation: [org.hibernate.engine.transaction.jta.platform.internal.NoJtaPlatform]
2021-09-10 12:51:56.025  INFO 10688 --- [restartedMain] j.LocalContainerEntityManagerFactoryBean : Initialized JPA EntityManagerFactory for persistence unit 'default'
2021-09-10 12:51:56.131  WARN 10688 --- [restartedMain] JpaBaseConfiguration$JpaWebConfiguration : spring.jpa.open-in-view is enabled by default. Therefore, database queries may be performed during view rendering. Explicitly configure spring.jpa.open-in-view to disable this warning
2021-09-10 12:51:56.236  INFO 10688 --- [restartedMain] o.s.b.d.a.OptionalLiveReloadServer       : LiveReload server is running on port 35729
2021-09-10 12:51:56.252  INFO 10688 --- [restartedMain] o.s.b.w.embedded.tomcat.TomcatWebServer  : Tomcat started on port(s): 8080 (http) with context path ''
2021-09-10 12:51:56.255  INFO 10688 --- [restartedMain] m.c.i.e.EvalucionTecnicaApplication      : Started EvalucionTecnicaApplication in 0.718 seconds (JVM running for 8586.901)
2021-09-10 12:51:56.257  INFO 10688 --- [restartedMain] .ConditionEvaluationDeltaLoggingListener : Condition evaluation unchanged
2021-09-10 12:52:23.157  INFO 10688 --- [http-nio-8080-exec-1] o.a.c.c.C.[Tomcat].[localhost].[/]       : Initializing Spring DispatcherServlet 'dispatcherServlet'
2021-09-10 12:52:23.157  INFO 10688 --- [http-nio-8080-exec-1] o.s.web.servlet.DispatcherServlet        : Initializing Servlet 'dispatcherServlet'
2021-09-10 12:52:23.158  INFO 10688 --- [http-nio-8080-exec-1] o.s.web.servlet.DispatcherServlet        : Completed initialization in 1 ms
2021-09-10 16:22:32.322  INFO 10688 --- [RMI TCP Connection(357)-127.0.0.1] inMXBeanRegistrar$SpringApplicationAdmin : Application shutdown requested.
2021-09-10 16:22:32.419  INFO 10688 --- [RMI TCP Connection(357)-127.0.0.1] j.LocalContainerEntityManagerFactoryBean : Closing JPA EntityManagerFactory for persistence unit 'default'
2021-09-10 16:22:32.650  WARN 10688 --- [RMI TCP Connection(357)-127.0.0.1] o.s.b.f.support.DisposableBeanAdapter    : Invocation of destroy method failed on bean with name 'inMemoryDatabaseShutdownExecutor': org.h2.jdbc.JdbcSQLNonTransientConnectionException: La base de datos ya esta cerrada (para des-habilitar el cerrado automatico durante el shutdown de la VM, agregue ";DB_CLOSE_ON_EXIT=FALSE" a la URL de conexión)
Database is already closed (to disable automatic closing at VM shutdown, add ";DB_CLOSE_ON_EXIT=FALSE" to the db URL) [90121-200]
2021-09-10 16:22:32.650  INFO 10688 --- [RMI TCP Connection(357)-127.0.0.1] com.zaxxer.hikari.HikariDataSource       : HikariPool-18 - Shutdown initiated...
2021-09-10 16:22:32.651  INFO 10688 --- [RMI TCP Connection(357)-127.0.0.1] com.zaxxer.hikari.HikariDataSource       : HikariPool-18 - Shutdown completed.
